<?xml version="1.0" encoding="UTF-8"?>
<testsuites name="BookAppoinment" time="66.334" tests="3" failures="0" errors="0">
   <testsuite name="BookAppoinment" tests="3" failures="0" errors="0" time="66.334" skipped="0" timestamp="2023-06-22 00:59:11" hostname="bhushan - 192.168.1.13" id="Test Suites/BookAppoinment">
      <properties>
         <property name="deviceName" value=""/>
         <property name="devicePlatform" value=""/>
         <property name="logFolder" value="/Users/bhushan/git/katalon/Reports/20230622_005908/BookAppoinment/20230622_005908"/>
         <property name="logFiles" value="/Users/bhushan/git/katalon/Reports/20230622_005908/BookAppoinment/20230622_005908/execution0.log"/>
         <property name="attachments" value=""/>
         <property name="hostName" value="bhushan - 192.168.1.13"/>
         <property name="os" value="Mac OS X 64bit"/>
         <property name="katalonVersion" value="8.4.1.208"/>
         <property name="browser" value="Chrome 114.0.0.0"/>
         <property name="hostAddress" value="192.168.1.13"/>
         <property name="sessionId" value="411b7932d20aaaee7bca77a37189186a"/>
         <property name="seleniumVersion" value="3.141.59"/>
         <property name="proxyInformation" value="ProxyInformation { proxyOption=NO_PROXY, proxyServerType=HTTP, username=, password=********, proxyServerAddress=, proxyServerPort=0, executionList=&quot;&quot;, isApplyToDesiredCapabilities=true }"/>
         <property name="platform" value="Mac OS X"/>
      </properties>
      <testcase name="Test Cases/TC_01_Login" time="18.582" classname="Test Cases/TC_01_Login" status="PASSED">
         <system-out><![CDATA[2023-06-22 00:59:12 - [TEST_CASE][PASSED] - Test Cases/TC_01_Login: Test Cases/TC_01_Login

2023-06-22 00:59:12 - [TEST_STEP][PASSED] - openBrowser(""): Browser is opened with url: ''

2023-06-22 00:59:12 - [MESSAGE][INFO] - Starting 'Chrome' driver

2023-06-22 00:59:12 - [MESSAGE][INFO] - Action delay is set to 0 milliseconds

2023-06-22 00:59:20 - [MESSAGE][PASSED] - Browser is opened with url: ''

2023-06-22 00:59:20 - [TEST_STEP][PASSED] - navigateToUrl("https://katalon-demo-cura.herokuapp.com/"): Navigate to 'https://katalon-demo-cura.herokuapp.com/' successfully

2023-06-22 00:59:24 - [MESSAGE][PASSED] - Navigate to 'https://katalon-demo-cura.herokuapp.com/' successfully

2023-06-22 00:59:24 - [TEST_STEP][PASSED] - click(findTestObject("Object Repository/Page_CURA Healthcare Service/a_Make Appointment")): Object: 'Object Repository/Page_CURA Healthcare Service/a_Make Appointment' is clicked on

2023-06-22 00:59:26 - [MESSAGE][PASSED] - Object: 'Object Repository/Page_CURA Healthcare Service/a_Make Appointment' is clicked on

2023-06-22 00:59:26 - [TEST_STEP][PASSED] - setText(findTestObject("Object Repository/Page_CURA Healthcare Service/input_Username_username"), "John Doe"): Text 'John Doe' is set on object 'Object Repository/Page_CURA Healthcare Service/input_Username_username'

2023-06-22 00:59:27 - [MESSAGE][PASSED] - Text 'John Doe' is set on object 'Object Repository/Page_CURA Healthcare Service/input_Username_username'

2023-06-22 00:59:27 - [TEST_STEP][PASSED] - setEncryptedText(findTestObject("Object Repository/Page_CURA Healthcare Service/input_Password_password"), "g3/DOGG74jC3Flrr3yH+3D/yKbOqqUNM"): Text ****** has been set on object 'Object Repository/Page_CURA Healthcare Service/input_Password_password'

2023-06-22 00:59:28 - [MESSAGE][PASSED] - Text ****** has been set on object 'Object Repository/Page_CURA Healthcare Service/input_Password_password'

2023-06-22 00:59:28 - [TEST_STEP][PASSED] - click(findTestObject("Object Repository/Page_CURA Healthcare Service/button_Login")): Object: 'Object Repository/Page_CURA Healthcare Service/button_Login' is clicked on

2023-06-22 00:59:29 - [MESSAGE][PASSED] - Object: 'Object Repository/Page_CURA Healthcare Service/button_Login' is clicked on

2023-06-22 00:59:29 - [TEST_STEP][PASSED] - click(findTestObject("Object Repository/Page_CURA Healthcare Service/h2_Make Appointment")): Object: 'Object Repository/Page_CURA Healthcare Service/h2_Make Appointment' is clicked on

2023-06-22 00:59:30 - [MESSAGE][PASSED] - Object: 'Object Repository/Page_CURA Healthcare Service/h2_Make Appointment' is clicked on

2023-06-22 00:59:30 - [TEST_STEP][PASSED] - verifyElementVisible(findTestObject("Object Repository/Page_CURA Healthcare Service/h2_Make Appointment")): Object 'Object Repository/Page_CURA Healthcare Service/h2_Make Appointment' is visible

2023-06-22 00:59:30 - [MESSAGE][PASSED] - Object 'Object Repository/Page_CURA Healthcare Service/h2_Make Appointment' is visible]]></system-out>
         <system-err><![CDATA[]]></system-err>
      </testcase>
      <testcase name="Test Cases/TC_02_Book_Appoinment" time="21.829" classname="Test Cases/TC_02_Book_Appoinment" status="PASSED">
         <system-out><![CDATA[2023-06-22 00:59:30 - [TEST_CASE][PASSED] - Test Cases/TC_02_Book_Appoinment: Test Cases/TC_02_Book_Appoinment

2023-06-22 00:59:30 - [TEST_STEP][PASSED] - callTestCase(findTestCase("TC_01_Login"), [:], STOP_ON_FAILURE): Call Test Case 'Test Cases/TC_01_Login' successfully

2023-06-22 00:59:31 - [TEST_CASE][PASSED] - Test Cases/TC_01_Login: Test Cases/TC_01_Login

2023-06-22 00:59:31 - [TEST_STEP][PASSED] - openBrowser(""): Browser is opened with url: ''

2023-06-22 00:59:31 - [MESSAGE][WARNING] - A browser is already opened. Closing browser and opening a new one

2023-06-22 00:59:31 - [MESSAGE][INFO] - Starting 'Chrome' driver

2023-06-22 00:59:31 - [MESSAGE][INFO] - Action delay is set to 0 milliseconds

2023-06-22 00:59:36 - [MESSAGE][PASSED] - Browser is opened with url: ''

2023-06-22 00:59:36 - [TEST_STEP][PASSED] - navigateToUrl("https://katalon-demo-cura.herokuapp.com/"): Navigate to 'https://katalon-demo-cura.herokuapp.com/' successfully

2023-06-22 00:59:40 - [MESSAGE][PASSED] - Navigate to 'https://katalon-demo-cura.herokuapp.com/' successfully

2023-06-22 00:59:40 - [TEST_STEP][PASSED] - click(findTestObject("Object Repository/Page_CURA Healthcare Service/a_Make Appointment")): Object: 'Object Repository/Page_CURA Healthcare Service/a_Make Appointment' is clicked on

2023-06-22 00:59:42 - [MESSAGE][PASSED] - Object: 'Object Repository/Page_CURA Healthcare Service/a_Make Appointment' is clicked on

2023-06-22 00:59:42 - [TEST_STEP][PASSED] - setText(findTestObject("Object Repository/Page_CURA Healthcare Service/input_Username_username"), "John Doe"): Text 'John Doe' is set on object 'Object Repository/Page_CURA Healthcare Service/input_Username_username'

2023-06-22 00:59:43 - [MESSAGE][PASSED] - Text 'John Doe' is set on object 'Object Repository/Page_CURA Healthcare Service/input_Username_username'

2023-06-22 00:59:43 - [TEST_STEP][PASSED] - setEncryptedText(findTestObject("Object Repository/Page_CURA Healthcare Service/input_Password_password"), "g3/DOGG74jC3Flrr3yH+3D/yKbOqqUNM"): Text ****** has been set on object 'Object Repository/Page_CURA Healthcare Service/input_Password_password'

2023-06-22 00:59:44 - [MESSAGE][PASSED] - Text ****** has been set on object 'Object Repository/Page_CURA Healthcare Service/input_Password_password'

2023-06-22 00:59:44 - [TEST_STEP][PASSED] - click(findTestObject("Object Repository/Page_CURA Healthcare Service/button_Login")): Object: 'Object Repository/Page_CURA Healthcare Service/button_Login' is clicked on

2023-06-22 00:59:45 - [MESSAGE][PASSED] - Object: 'Object Repository/Page_CURA Healthcare Service/button_Login' is clicked on

2023-06-22 00:59:45 - [TEST_STEP][PASSED] - click(findTestObject("Object Repository/Page_CURA Healthcare Service/h2_Make Appointment")): Object: 'Object Repository/Page_CURA Healthcare Service/h2_Make Appointment' is clicked on

2023-06-22 00:59:45 - [MESSAGE][PASSED] - Object: 'Object Repository/Page_CURA Healthcare Service/h2_Make Appointment' is clicked on

2023-06-22 00:59:45 - [TEST_STEP][PASSED] - verifyElementVisible(findTestObject("Object Repository/Page_CURA Healthcare Service/h2_Make Appointment")): Object 'Object Repository/Page_CURA Healthcare Service/h2_Make Appointment' is visible

2023-06-22 00:59:46 - [MESSAGE][PASSED] - Object 'Object Repository/Page_CURA Healthcare Service/h2_Make Appointment' is visible

2023-06-22 00:59:46 - [MESSAGE][PASSED] - Call Test Case 'Test Cases/TC_01_Login' successfully

2023-06-22 00:59:46 - [TEST_STEP][PASSED] - selectOptionByValue(findTestObject("Object Repository/Page_CURA Healthcare Service/select_Tokyo CURA Healthcare Center        _5b4107"), "Hongkong CURA Healthcare Center", true): All options with value 'Hongkong CURA Healthcare Center' are selected in object 'Object Repository/Page_CURA Healthcare Service/select_Tokyo CURA Healthcare Center        _5b4107'  using regular expression

2023-06-22 00:59:47 - [MESSAGE][PASSED] - All options with value 'Hongkong CURA Healthcare Center' are selected in object 'Object Repository/Page_CURA Healthcare Service/select_Tokyo CURA Healthcare Center        _5b4107'  using regular expression

2023-06-22 00:59:47 - [TEST_STEP][PASSED] - click(findTestObject("Object Repository/Page_CURA Healthcare Service/input_Medicaid_programs")): Object: 'Object Repository/Page_CURA Healthcare Service/input_Medicaid_programs' is clicked on

2023-06-22 00:59:47 - [MESSAGE][PASSED] - Object: 'Object Repository/Page_CURA Healthcare Service/input_Medicaid_programs' is clicked on

2023-06-22 00:59:47 - [TEST_STEP][PASSED] - click(findTestObject("Object Repository/Page_CURA Healthcare Service/input_Visit Date (Required)_visit_date")): Object: 'Object Repository/Page_CURA Healthcare Service/input_Visit Date (Required)_visit_date' is clicked on

2023-06-22 00:59:48 - [MESSAGE][PASSED] - Object: 'Object Repository/Page_CURA Healthcare Service/input_Visit Date (Required)_visit_date' is clicked on

2023-06-22 00:59:48 - [TEST_STEP][PASSED] - click(findTestObject("Object Repository/Page_CURA Healthcare Service/td_21")): Object: 'Object Repository/Page_CURA Healthcare Service/td_21' is clicked on

2023-06-22 00:59:49 - [MESSAGE][PASSED] - Object: 'Object Repository/Page_CURA Healthcare Service/td_21' is clicked on

2023-06-22 00:59:49 - [TEST_STEP][PASSED] - setText(findTestObject("Object Repository/Page_CURA Healthcare Service/textarea_Comment_comment"), "Test Comment"): Text 'Test Comment' is set on object 'Object Repository/Page_CURA Healthcare Service/textarea_Comment_comment'

2023-06-22 00:59:50 - [MESSAGE][PASSED] - Text 'Test Comment' is set on object 'Object Repository/Page_CURA Healthcare Service/textarea_Comment_comment'

2023-06-22 00:59:50 - [TEST_STEP][PASSED] - click(findTestObject("Object Repository/Page_CURA Healthcare Service/button_Book Appointment")): Object: 'Object Repository/Page_CURA Healthcare Service/button_Book Appointment' is clicked on

2023-06-22 00:59:51 - [MESSAGE][PASSED] - Object: 'Object Repository/Page_CURA Healthcare Service/button_Book Appointment' is clicked on

2023-06-22 00:59:51 - [TEST_STEP][PASSED] - navigateToUrl("https://katalon-demo-cura.herokuapp.com/appointment.php#summary"): Navigate to 'https://katalon-demo-cura.herokuapp.com/appointment.php#summary' successfully

2023-06-22 00:59:51 - [MESSAGE][PASSED] - Navigate to 'https://katalon-demo-cura.herokuapp.com/appointment.php#summary' successfully

2023-06-22 00:59:51 - [TEST_STEP][PASSED] - click(findTestObject("Object Repository/Page_CURA Healthcare Service/h2_Appointment Confirmation")): Object: 'Object Repository/Page_CURA Healthcare Service/h2_Appointment Confirmation' is clicked on

2023-06-22 00:59:52 - [MESSAGE][PASSED] - Object: 'Object Repository/Page_CURA Healthcare Service/h2_Appointment Confirmation' is clicked on

2023-06-22 00:59:52 - [TEST_STEP][PASSED] - verifyElementVisible(findTestObject("Object Repository/Page_CURA Healthcare Service/h2_Appointment Confirmation")): Object 'Object Repository/Page_CURA Healthcare Service/h2_Appointment Confirmation' is visible

2023-06-22 00:59:52 - [MESSAGE][PASSED] - Object 'Object Repository/Page_CURA Healthcare Service/h2_Appointment Confirmation' is visible]]></system-out>
         <system-err><![CDATA[]]></system-err>
      </testcase>
      <testcase name="Test Cases/TC_3_Logout" time="25.455" classname="Test Cases/TC_3_Logout" status="PASSED">
         <system-out><![CDATA[2023-06-22 00:59:52 - [TEST_CASE][PASSED] - Test Cases/TC_3_Logout: Test Cases/TC_3_Logout

2023-06-22 00:59:52 - [TEST_STEP][PASSED] - callTestCase(findTestCase("TC_02_Book_Appoinment"), [:], STOP_ON_FAILURE): Call Test Case 'Test Cases/TC_02_Book_Appoinment' successfully

2023-06-22 00:59:52 - [TEST_CASE][PASSED] - Test Cases/TC_02_Book_Appoinment: Test Cases/TC_02_Book_Appoinment

2023-06-22 00:59:52 - [TEST_STEP][PASSED] - callTestCase(findTestCase("TC_01_Login"), [:], STOP_ON_FAILURE): Call Test Case 'Test Cases/TC_01_Login' successfully

2023-06-22 00:59:52 - [TEST_CASE][PASSED] - Test Cases/TC_01_Login: Test Cases/TC_01_Login

2023-06-22 00:59:52 - [TEST_STEP][PASSED] - openBrowser(""): Browser is opened with url: ''

2023-06-22 00:59:52 - [MESSAGE][WARNING] - A browser is already opened. Closing browser and opening a new one

2023-06-22 00:59:53 - [MESSAGE][INFO] - Starting 'Chrome' driver

2023-06-22 00:59:53 - [MESSAGE][INFO] - Action delay is set to 0 milliseconds

2023-06-22 01:00:01 - [MESSAGE][PASSED] - Browser is opened with url: ''

2023-06-22 01:00:01 - [TEST_STEP][PASSED] - navigateToUrl("https://katalon-demo-cura.herokuapp.com/"): Navigate to 'https://katalon-demo-cura.herokuapp.com/' successfully

2023-06-22 01:00:04 - [MESSAGE][PASSED] - Navigate to 'https://katalon-demo-cura.herokuapp.com/' successfully

2023-06-22 01:00:04 - [TEST_STEP][PASSED] - click(findTestObject("Object Repository/Page_CURA Healthcare Service/a_Make Appointment")): Object: 'Object Repository/Page_CURA Healthcare Service/a_Make Appointment' is clicked on

2023-06-22 01:00:05 - [MESSAGE][PASSED] - Object: 'Object Repository/Page_CURA Healthcare Service/a_Make Appointment' is clicked on

2023-06-22 01:00:06 - [TEST_STEP][PASSED] - setText(findTestObject("Object Repository/Page_CURA Healthcare Service/input_Username_username"), "John Doe"): Text 'John Doe' is set on object 'Object Repository/Page_CURA Healthcare Service/input_Username_username'

2023-06-22 01:00:07 - [MESSAGE][PASSED] - Text 'John Doe' is set on object 'Object Repository/Page_CURA Healthcare Service/input_Username_username'

2023-06-22 01:00:07 - [TEST_STEP][PASSED] - setEncryptedText(findTestObject("Object Repository/Page_CURA Healthcare Service/input_Password_password"), "g3/DOGG74jC3Flrr3yH+3D/yKbOqqUNM"): Text ****** has been set on object 'Object Repository/Page_CURA Healthcare Service/input_Password_password'

2023-06-22 01:00:07 - [MESSAGE][PASSED] - Text ****** has been set on object 'Object Repository/Page_CURA Healthcare Service/input_Password_password'

2023-06-22 01:00:07 - [TEST_STEP][PASSED] - click(findTestObject("Object Repository/Page_CURA Healthcare Service/button_Login")): Object: 'Object Repository/Page_CURA Healthcare Service/button_Login' is clicked on

2023-06-22 01:00:09 - [MESSAGE][PASSED] - Object: 'Object Repository/Page_CURA Healthcare Service/button_Login' is clicked on

2023-06-22 01:00:09 - [TEST_STEP][PASSED] - click(findTestObject("Object Repository/Page_CURA Healthcare Service/h2_Make Appointment")): Object: 'Object Repository/Page_CURA Healthcare Service/h2_Make Appointment' is clicked on

2023-06-22 01:00:09 - [MESSAGE][PASSED] - Object: 'Object Repository/Page_CURA Healthcare Service/h2_Make Appointment' is clicked on

2023-06-22 01:00:09 - [TEST_STEP][PASSED] - verifyElementVisible(findTestObject("Object Repository/Page_CURA Healthcare Service/h2_Make Appointment")): Object 'Object Repository/Page_CURA Healthcare Service/h2_Make Appointment' is visible

2023-06-22 01:00:09 - [MESSAGE][PASSED] - Object 'Object Repository/Page_CURA Healthcare Service/h2_Make Appointment' is visible

2023-06-22 01:00:09 - [MESSAGE][PASSED] - Call Test Case 'Test Cases/TC_01_Login' successfully

2023-06-22 01:00:09 - [TEST_STEP][PASSED] - selectOptionByValue(findTestObject("Object Repository/Page_CURA Healthcare Service/select_Tokyo CURA Healthcare Center        _5b4107"), "Hongkong CURA Healthcare Center", true): All options with value 'Hongkong CURA Healthcare Center' are selected in object 'Object Repository/Page_CURA Healthcare Service/select_Tokyo CURA Healthcare Center        _5b4107'  using regular expression

2023-06-22 01:00:11 - [MESSAGE][PASSED] - All options with value 'Hongkong CURA Healthcare Center' are selected in object 'Object Repository/Page_CURA Healthcare Service/select_Tokyo CURA Healthcare Center        _5b4107'  using regular expression

2023-06-22 01:00:11 - [TEST_STEP][PASSED] - click(findTestObject("Object Repository/Page_CURA Healthcare Service/input_Medicaid_programs")): Object: 'Object Repository/Page_CURA Healthcare Service/input_Medicaid_programs' is clicked on

2023-06-22 01:00:11 - [MESSAGE][PASSED] - Object: 'Object Repository/Page_CURA Healthcare Service/input_Medicaid_programs' is clicked on

2023-06-22 01:00:11 - [TEST_STEP][PASSED] - click(findTestObject("Object Repository/Page_CURA Healthcare Service/input_Visit Date (Required)_visit_date")): Object: 'Object Repository/Page_CURA Healthcare Service/input_Visit Date (Required)_visit_date' is clicked on

2023-06-22 01:00:12 - [MESSAGE][PASSED] - Object: 'Object Repository/Page_CURA Healthcare Service/input_Visit Date (Required)_visit_date' is clicked on

2023-06-22 01:00:12 - [TEST_STEP][PASSED] - click(findTestObject("Object Repository/Page_CURA Healthcare Service/td_21")): Object: 'Object Repository/Page_CURA Healthcare Service/td_21' is clicked on

2023-06-22 01:00:12 - [MESSAGE][PASSED] - Object: 'Object Repository/Page_CURA Healthcare Service/td_21' is clicked on

2023-06-22 01:00:12 - [TEST_STEP][PASSED] - setText(findTestObject("Object Repository/Page_CURA Healthcare Service/textarea_Comment_comment"), "Test Comment"): Text 'Test Comment' is set on object 'Object Repository/Page_CURA Healthcare Service/textarea_Comment_comment'

2023-06-22 01:00:14 - [MESSAGE][PASSED] - Text 'Test Comment' is set on object 'Object Repository/Page_CURA Healthcare Service/textarea_Comment_comment'

2023-06-22 01:00:14 - [TEST_STEP][PASSED] - click(findTestObject("Object Repository/Page_CURA Healthcare Service/button_Book Appointment")): Object: 'Object Repository/Page_CURA Healthcare Service/button_Book Appointment' is clicked on

2023-06-22 01:00:15 - [MESSAGE][PASSED] - Object: 'Object Repository/Page_CURA Healthcare Service/button_Book Appointment' is clicked on

2023-06-22 01:00:15 - [TEST_STEP][PASSED] - navigateToUrl("https://katalon-demo-cura.herokuapp.com/appointment.php#summary"): Navigate to 'https://katalon-demo-cura.herokuapp.com/appointment.php#summary' successfully

2023-06-22 01:00:15 - [MESSAGE][PASSED] - Navigate to 'https://katalon-demo-cura.herokuapp.com/appointment.php#summary' successfully

2023-06-22 01:00:15 - [TEST_STEP][PASSED] - click(findTestObject("Object Repository/Page_CURA Healthcare Service/h2_Appointment Confirmation")): Object: 'Object Repository/Page_CURA Healthcare Service/h2_Appointment Confirmation' is clicked on

2023-06-22 01:00:15 - [MESSAGE][PASSED] - Object: 'Object Repository/Page_CURA Healthcare Service/h2_Appointment Confirmation' is clicked on

2023-06-22 01:00:15 - [TEST_STEP][PASSED] - verifyElementVisible(findTestObject("Object Repository/Page_CURA Healthcare Service/h2_Appointment Confirmation")): Object 'Object Repository/Page_CURA Healthcare Service/h2_Appointment Confirmation' is visible

2023-06-22 01:00:16 - [MESSAGE][PASSED] - Object 'Object Repository/Page_CURA Healthcare Service/h2_Appointment Confirmation' is visible

2023-06-22 01:00:16 - [MESSAGE][PASSED] - Call Test Case 'Test Cases/TC_02_Book_Appoinment' successfully

2023-06-22 01:00:16 - [TEST_STEP][PASSED] - click(findTestObject("Object Repository/Page_CURA Healthcare Service/a_CURA Healthcare_menu-toggle")): Object: 'Object Repository/Page_CURA Healthcare Service/a_CURA Healthcare_menu-toggle' is clicked on

2023-06-22 01:00:16 - [MESSAGE][PASSED] - Object: 'Object Repository/Page_CURA Healthcare Service/a_CURA Healthcare_menu-toggle' is clicked on

2023-06-22 01:00:16 - [TEST_STEP][PASSED] - click(findTestObject("Object Repository/Page_CURA Healthcare Service/a_Logout")): Object: 'Object Repository/Page_CURA Healthcare Service/a_Logout' is clicked on

2023-06-22 01:00:17 - [MESSAGE][PASSED] - Object: 'Object Repository/Page_CURA Healthcare Service/a_Logout' is clicked on

2023-06-22 01:00:17 - [TEST_STEP][PASSED] - navigateToUrl("https://katalon-demo-cura.herokuapp.com/"): Navigate to 'https://katalon-demo-cura.herokuapp.com/' successfully

2023-06-22 01:00:17 - [MESSAGE][PASSED] - Navigate to 'https://katalon-demo-cura.herokuapp.com/' successfully]]></system-out>
         <system-err><![CDATA[]]></system-err>
      </testcase>
      <system-out><![CDATA[2023-06-22 00:59:11 - [TEST_SUITE][PASSED] - BookAppoinment: Test Cases/TC_3_Logout]]></system-out>
      <system-err><![CDATA[]]></system-err>
   </testsuite>
</testsuites>
