<?xml version="1.0" encoding="UTF-8"?>
<testsuites name="KDS_Test_Suite" time="317.542" tests="2" failures="0" errors="0">
   <testsuite name="KDS_Test_Suite" tests="2" failures="0" errors="0" time="317.542" skipped="0" timestamp="2023-06-29 18:49:25" hostname="bhushan - 192.168.1.13" id="Test Suites/KDS_Test_Suite">
      <properties>
         <property name="deviceName" value=""/>
         <property name="devicePlatform" value=""/>
         <property name="logFolder" value="/Users/bhushan/git/katalon/Reports/20230629_184921/KDS_Test_Suite/20230629_184921"/>
         <property name="logFiles" value="/Users/bhushan/git/katalon/Reports/20230629_184921/KDS_Test_Suite/20230629_184921/execution0.log"/>
         <property name="attachments" value=""/>
         <property name="hostName" value="bhushan - 192.168.1.13"/>
         <property name="os" value="Mac OS X 64bit"/>
         <property name="katalonVersion" value="8.4.1.208"/>
         <property name="browser" value="Chrome 114.0.0.0"/>
         <property name="hostAddress" value="192.168.1.13"/>
         <property name="sessionId" value="93a783f0c4e78ca1a5c5098958d876b2"/>
         <property name="seleniumVersion" value="3.141.59"/>
         <property name="proxyInformation" value="ProxyInformation { proxyOption=NO_PROXY, proxyServerType=HTTP, username=, password=********, proxyServerAddress=, proxyServerPort=0, executionList=&quot;&quot;, isApplyToDesiredCapabilities=true }"/>
         <property name="platform" value="Mac OS X"/>
      </properties>
      <testcase name="Test Cases/KDS/TC_03_Search_Functionality" time="139.806" classname="Test Cases/KDS/TC_03_Search_Functionality" status="PASSED">
         <system-out><![CDATA[2023-06-29 18:49:25 - [TEST_CASE][PASSED] - Test Cases/KDS/TC_03_Search_Functionality: Test Cases/KDS/TC_03_Search_Functionality

2023-06-29 18:49:25 - [TEST_STEP][PASSED] - openBrowser(""): Browser is opened with url: ''

2023-06-29 18:49:26 - [MESSAGE][INFO] - Starting 'Chrome' driver

2023-06-29 18:49:26 - [MESSAGE][INFO] - Action delay is set to 0 milliseconds

2023-06-29 18:49:35 - [MESSAGE][PASSED] - Browser is opened with url: ''

2023-06-29 18:49:35 - [TEST_STEP][PASSED] - navigateToUrl("https://www.studiokohler.com/en-us/faqs"): Navigate to 'https://www.studiokohler.com/en-us/faqs' successfully

2023-06-29 18:50:42 - [MESSAGE][PASSED] - Navigate to 'https://www.studiokohler.com/en-us/faqs' successfully

2023-06-29 18:50:42 - [TEST_STEP][PASSED] - maximizeWindow(): Current window maximized

2023-06-29 18:50:43 - [MESSAGE][PASSED] - Current window maximized

2023-06-29 18:50:43 - [TEST_STEP][PASSED] - click(findTestObject("Object Repository/KSD/Page_Product FAQs/i_Project Folder_fal fa-search")): Object: 'Object Repository/KSD/Page_Product FAQs/i_Project Folder_fal fa-search' is clicked on

2023-06-29 18:50:47 - [MESSAGE][PASSED] - Object: 'Object Repository/KSD/Page_Product FAQs/i_Project Folder_fal fa-search' is clicked on

2023-06-29 18:50:47 - [TEST_STEP][PASSED] - setText(findTestObject("Object Repository/KSD/Page_Product FAQs/input_Project Folder_search"), "toi"): Text 'toi' is set on object 'Object Repository/KSD/Page_Product FAQs/input_Project Folder_search'

2023-06-29 18:50:50 - [MESSAGE][PASSED] - Text 'toi' is set on object 'Object Repository/KSD/Page_Product FAQs/input_Project Folder_search'

2023-06-29 18:50:50 - [TEST_STEP][PASSED] - click(findTestObject("Object Repository/KSD/Page_Product FAQs/a_Toilets")): Object: 'Object Repository/KSD/Page_Product FAQs/a_Toilets' is clicked on

2023-06-29 18:51:42 - [MESSAGE][PASSED] - Object: 'Object Repository/KSD/Page_Product FAQs/a_Toilets' is clicked on

2023-06-29 18:51:42 - [TEST_STEP][PASSED] - click(findTestObject("Object Repository/KSD/Page_Search Results/span_Search Results for Toilets")): Object: 'Object Repository/KSD/Page_Search Results/span_Search Results for Toilets' is clicked on

2023-06-29 18:51:44 - [MESSAGE][PASSED] - Object: 'Object Repository/KSD/Page_Search Results/span_Search Results for Toilets' is clicked on

2023-06-29 18:51:44 - [TEST_STEP][PASSED] - verifyElementVisible(findTestObject("Object Repository/KSD/Page_Search Results/span_Search Results for Toilets")): Object 'Object Repository/KSD/Page_Search Results/span_Search Results for Toilets' is visible

2023-06-29 18:51:45 - [MESSAGE][PASSED] - Object 'Object Repository/KSD/Page_Search Results/span_Search Results for Toilets' is visible]]></system-out>
         <system-err><![CDATA[]]></system-err>
      </testcase>
      <testcase name="Test Cases/KDS/TC_04_Check_Search_Result_page" time="177.249" classname="Test Cases/KDS/TC_04_Check_Search_Result_page" status="PASSED">
         <system-out><![CDATA[2023-06-29 18:51:45 - [TEST_CASE][PASSED] - Test Cases/KDS/TC_04_Check_Search_Result_page: Test Cases/KDS/TC_04_Check_Search_Result_page

2023-06-29 18:51:45 - [TEST_STEP][PASSED] - callTestCase(findTestCase("KDS/TC_03_Search_Functionality"), [:], STOP_ON_FAILURE): Call Test Case 'Test Cases/KDS/TC_03_Search_Functionality' successfully

2023-06-29 18:51:45 - [TEST_CASE][PASSED] - Test Cases/KDS/TC_03_Search_Functionality: Test Cases/KDS/TC_03_Search_Functionality

2023-06-29 18:51:45 - [TEST_STEP][PASSED] - openBrowser(""): Browser is opened with url: ''

2023-06-29 18:51:45 - [MESSAGE][WARNING] - A browser is already opened. Closing browser and opening a new one

2023-06-29 18:51:46 - [MESSAGE][INFO] - Starting 'Chrome' driver

2023-06-29 18:51:46 - [MESSAGE][INFO] - Action delay is set to 0 milliseconds

2023-06-29 18:51:51 - [MESSAGE][PASSED] - Browser is opened with url: ''

2023-06-29 18:51:51 - [TEST_STEP][PASSED] - navigateToUrl("https://www.studiokohler.com/en-us/faqs"): Navigate to 'https://www.studiokohler.com/en-us/faqs' successfully

2023-06-29 18:52:52 - [MESSAGE][PASSED] - Navigate to 'https://www.studiokohler.com/en-us/faqs' successfully

2023-06-29 18:52:52 - [TEST_STEP][PASSED] - maximizeWindow(): Current window maximized

2023-06-29 18:53:14 - [MESSAGE][PASSED] - Current window maximized

2023-06-29 18:53:14 - [TEST_STEP][PASSED] - click(findTestObject("Object Repository/KSD/Page_Product FAQs/i_Project Folder_fal fa-search")): Object: 'Object Repository/KSD/Page_Product FAQs/i_Project Folder_fal fa-search' is clicked on

2023-06-29 18:53:20 - [MESSAGE][PASSED] - Object: 'Object Repository/KSD/Page_Product FAQs/i_Project Folder_fal fa-search' is clicked on

2023-06-29 18:53:20 - [TEST_STEP][PASSED] - setText(findTestObject("Object Repository/KSD/Page_Product FAQs/input_Project Folder_search"), "toi"): Text 'toi' is set on object 'Object Repository/KSD/Page_Product FAQs/input_Project Folder_search'

2023-06-29 18:53:24 - [MESSAGE][PASSED] - Text 'toi' is set on object 'Object Repository/KSD/Page_Product FAQs/input_Project Folder_search'

2023-06-29 18:53:24 - [TEST_STEP][PASSED] - click(findTestObject("Object Repository/KSD/Page_Product FAQs/a_Toilets")): Object: 'Object Repository/KSD/Page_Product FAQs/a_Toilets' is clicked on

2023-06-29 18:54:37 - [MESSAGE][PASSED] - Object: 'Object Repository/KSD/Page_Product FAQs/a_Toilets' is clicked on

2023-06-29 18:54:37 - [TEST_STEP][PASSED] - click(findTestObject("Object Repository/KSD/Page_Search Results/span_Search Results for Toilets")): Object: 'Object Repository/KSD/Page_Search Results/span_Search Results for Toilets' is clicked on

2023-06-29 18:54:38 - [MESSAGE][PASSED] - Object: 'Object Repository/KSD/Page_Search Results/span_Search Results for Toilets' is clicked on

2023-06-29 18:54:38 - [TEST_STEP][PASSED] - verifyElementVisible(findTestObject("Object Repository/KSD/Page_Search Results/span_Search Results for Toilets")): Object 'Object Repository/KSD/Page_Search Results/span_Search Results for Toilets' is visible

2023-06-29 18:54:39 - [MESSAGE][PASSED] - Object 'Object Repository/KSD/Page_Search Results/span_Search Results for Toilets' is visible

2023-06-29 18:54:39 - [MESSAGE][PASSED] - Call Test Case 'Test Cases/KDS/TC_03_Search_Functionality' successfully

2023-06-29 18:54:39 - [TEST_STEP][PASSED] - verifyElementVisible(findTestObject("Object Repository/KSD/Page_Search Results/span_Search Results for Toilets")): Object 'Object Repository/KSD/Page_Search Results/span_Search Results for Toilets' is visible

2023-06-29 18:54:39 - [MESSAGE][PASSED] - Object 'Object Repository/KSD/Page_Search Results/span_Search Results for Toilets' is visible

2023-06-29 18:54:39 - [TEST_STEP][PASSED] - verifyElementVisible(findTestObject("Object Repository/KSD/Page_Search Results/span_Products")): Object 'Object Repository/KSD/Page_Search Results/span_Products' is visible

2023-06-29 18:54:40 - [MESSAGE][PASSED] - Object 'Object Repository/KSD/Page_Search Results/span_Products' is visible

2023-06-29 18:54:40 - [TEST_STEP][PASSED] - verifyElementVisible(findTestObject("Object Repository/KSD/Page_Search Results/span_Technical Specifications")): Object 'Object Repository/KSD/Page_Search Results/span_Technical Specifications' is visible

2023-06-29 18:54:40 - [MESSAGE][PASSED] - Object 'Object Repository/KSD/Page_Search Results/span_Technical Specifications' is visible

2023-06-29 18:54:40 - [TEST_STEP][PASSED] - verifyElementVisible(findTestObject("Object Repository/KSD/Page_Search Results/span_Articles")): Object 'Object Repository/KSD/Page_Search Results/span_Articles' is visible

2023-06-29 18:54:41 - [MESSAGE][PASSED] - Object 'Object Repository/KSD/Page_Search Results/span_Articles' is visible

2023-06-29 18:54:41 - [TEST_STEP][PASSED] - verifyElementVisible(findTestObject("Object Repository/KSD/Page_Search Results/div_Choose Category")): Object 'Object Repository/KSD/Page_Search Results/div_Choose Category' is visible

2023-06-29 18:54:41 - [MESSAGE][PASSED] - Object 'Object Repository/KSD/Page_Search Results/div_Choose Category' is visible

2023-06-29 18:54:41 - [TEST_STEP][PASSED] - verifyElementVisible(findTestObject("Object Repository/KSD/Page_Search Results/a_All Categories (129)")): Object 'Object Repository/KSD/Page_Search Results/a_All Categories (129)' is visible

2023-06-29 18:54:42 - [MESSAGE][PASSED] - Object 'Object Repository/KSD/Page_Search Results/a_All Categories (129)' is visible

2023-06-29 18:54:42 - [TEST_STEP][PASSED] - verifyElementVisible(findTestObject("Object Repository/KSD/Page_Search Results/a_Relevancy")): Object 'Object Repository/KSD/Page_Search Results/a_Relevancy' is visible

2023-06-29 18:54:42 - [MESSAGE][PASSED] - Object 'Object Repository/KSD/Page_Search Results/a_Relevancy' is visible]]></system-out>
         <system-err><![CDATA[]]></system-err>
      </testcase>
      <system-out><![CDATA[2023-06-29 18:49:25 - [TEST_SUITE][PASSED] - KDS_Test_Suite: Test Cases/KDS/TC_04_Check_Search_Result_page]]></system-out>
      <system-err><![CDATA[]]></system-err>
   </testsuite>
</testsuites>
