<?xml version="1.0" encoding="UTF-8"?>
<testsuites name="KDS_Smoke_Suite" time="107.619" tests="7" failures="0" errors="0">
   <testsuite name="KDS_Smoke_Suite" tests="7" failures="0" errors="0" time="107.619" skipped="0" timestamp="2023-07-03 20:19:02" hostname="bhushan - 192.168.1.13" id="Test Suites/KDS_Smoke_Suite">
      <properties>
         <property name="deviceName" value=""/>
         <property name="devicePlatform" value=""/>
         <property name="logFolder" value="/Users/bhushan/git/katalon/Reports/20230703_201859/KDS_Smoke_Suite/20230703_201859"/>
         <property name="logFiles" value="/Users/bhushan/git/katalon/Reports/20230703_201859/KDS_Smoke_Suite/20230703_201859/execution0.log"/>
         <property name="attachments" value=""/>
         <property name="hostName" value="bhushan - 192.168.1.13"/>
         <property name="os" value="Mac OS X 64bit"/>
         <property name="katalonVersion" value="8.4.1.208"/>
         <property name="browser" value="Firefox 109.0"/>
         <property name="hostAddress" value="192.168.1.13"/>
         <property name="sessionId" value="335842c6-1bc6-4f6f-9976-63a4dffcb0b7"/>
         <property name="seleniumVersion" value="3.141.59"/>
         <property name="proxyInformation" value="ProxyInformation { proxyOption=NO_PROXY, proxyServerType=HTTP, username=, password=********, proxyServerAddress=, proxyServerPort=0, executionList=&quot;&quot;, isApplyToDesiredCapabilities=true }"/>
         <property name="platform" value="Mac OS X"/>
      </properties>
      <testcase name="Test Cases/KDS/TC_01_Login" time="21.22" classname="Test Cases/KDS/TC_01_Login" status="PASSED">
         <system-out><![CDATA[2023-07-03 20:19:02 - [TEST_CASE][PASSED] - Test Cases/KDS/TC_01_Login: Test Cases/KDS/TC_01_Login

2023-07-03 20:19:02 - [TEST_STEP][PASSED] - openBrowser(""): Browser is opened with url: ''

2023-07-03 20:19:03 - [MESSAGE][INFO] - Starting 'Firefox' driver

2023-07-03 20:19:03 - [MESSAGE][INFO] - Action delay is set to 0 milliseconds

2023-07-03 20:19:06 - [MESSAGE][PASSED] - Browser is opened with url: ''

2023-07-03 20:19:06 - [TEST_STEP][PASSED] - navigateToUrl("https://www.studiokohler.com/en-us/faqs"): Navigate to 'https://www.studiokohler.com/en-us/faqs' successfully

2023-07-03 20:19:12 - [MESSAGE][PASSED] - Navigate to 'https://www.studiokohler.com/en-us/faqs' successfully

2023-07-03 20:19:12 - [TEST_STEP][PASSED] - maximizeWindow(): Current window maximized

2023-07-03 20:19:12 - [MESSAGE][PASSED] - Current window maximized

2023-07-03 20:19:12 - [TEST_STEP][PASSED] - click(findTestObject("Object Repository/KSD/Page_Product FAQs/i_OK_fal fa-user")): Object: 'Object Repository/KSD/Page_Product FAQs/i_OK_fal fa-user' is clicked on

2023-07-03 20:19:14 - [MESSAGE][PASSED] - Object: 'Object Repository/KSD/Page_Product FAQs/i_OK_fal fa-user' is clicked on

2023-07-03 20:19:14 - [TEST_STEP][PASSED] - setText(findTestObject("Object Repository/KSD/Page_Product FAQs/input_E-mail Address_nav-user-email"), "Bhushan.borse@kohler.com"): Text 'Bhushan.borse@kohler.com' is set on object 'Object Repository/KSD/Page_Product FAQs/input_E-mail Address_nav-user-email'

2023-07-03 20:19:15 - [MESSAGE][PASSED] - Text 'Bhushan.borse@kohler.com' is set on object 'Object Repository/KSD/Page_Product FAQs/input_E-mail Address_nav-user-email'

2023-07-03 20:19:15 - [TEST_STEP][PASSED] - setEncryptedText(findTestObject("Object Repository/KSD/Page_Product FAQs/input_Password_nav-user-password"), "UkTT/T5uWxEyt5z+WbCT2w=="): Text ****** has been set on object 'Object Repository/KSD/Page_Product FAQs/input_Password_nav-user-password'

2023-07-03 20:19:15 - [MESSAGE][PASSED] - Text ****** has been set on object 'Object Repository/KSD/Page_Product FAQs/input_Password_nav-user-password'

2023-07-03 20:19:15 - [TEST_STEP][PASSED] - click(findTestObject("Object Repository/KSD/Page_Product FAQs/button_Sign In")): Object: 'Object Repository/KSD/Page_Product FAQs/button_Sign In' is clicked on

2023-07-03 20:19:17 - [MESSAGE][PASSED] - Object: 'Object Repository/KSD/Page_Product FAQs/button_Sign In' is clicked on

2023-07-03 20:19:17 - [TEST_STEP][PASSED] - verifyElementVisible(findTestObject("Object Repository/KSD/Page_Product FAQs/a_Bhushan")): Object 'Object Repository/KSD/Page_Product FAQs/a_Bhushan' is visible

2023-07-03 20:19:23 - [MESSAGE][PASSED] - Object 'Object Repository/KSD/Page_Product FAQs/a_Bhushan' is visible]]></system-out>
         <system-err><![CDATA[]]></system-err>
      </testcase>
      <testcase name="Test Cases/KDS/TC_02_Header_Menu_Check" time="14.709" classname="Test Cases/KDS/TC_02_Header_Menu_Check" status="PASSED">
         <system-out><![CDATA[2023-07-03 20:19:23 - [TEST_CASE][PASSED] - Test Cases/KDS/TC_02_Header_Menu_Check: Test Cases/KDS/TC_02_Header_Menu_Check

2023-07-03 20:19:23 - [TEST_STEP][PASSED] - openBrowser(""): Browser is opened with url: ''

2023-07-03 20:19:23 - [MESSAGE][WARNING] - A browser is already opened. Closing browser and opening a new one

2023-07-03 20:19:24 - [MESSAGE][INFO] - Starting 'Firefox' driver

2023-07-03 20:19:24 - [MESSAGE][INFO] - Action delay is set to 0 milliseconds

2023-07-03 20:19:26 - [MESSAGE][PASSED] - Browser is opened with url: ''

2023-07-03 20:19:26 - [TEST_STEP][PASSED] - navigateToUrl("https://www.studiokohler.com/en-us/faqs"): Navigate to 'https://www.studiokohler.com/en-us/faqs' successfully

2023-07-03 20:19:31 - [MESSAGE][PASSED] - Navigate to 'https://www.studiokohler.com/en-us/faqs' successfully

2023-07-03 20:19:31 - [TEST_STEP][PASSED] - maximizeWindow(): Current window maximized

2023-07-03 20:19:32 - [MESSAGE][PASSED] - Current window maximized

2023-07-03 20:19:32 - [TEST_STEP][PASSED] - verifyElementVisible(findTestObject("Object Repository/KSD/Page_Product FAQs/a_Products")): Object 'Object Repository/KSD/Page_Product FAQs/a_Products' is visible

2023-07-03 20:19:33 - [MESSAGE][PASSED] - Object 'Object Repository/KSD/Page_Product FAQs/a_Products' is visible

2023-07-03 20:19:33 - [TEST_STEP][PASSED] - verifyElementVisible(findTestObject("Object Repository/KSD/Page_Product FAQs/a_Resources")): Object 'Object Repository/KSD/Page_Product FAQs/a_Resources' is visible

2023-07-03 20:19:33 - [MESSAGE][PASSED] - Object 'Object Repository/KSD/Page_Product FAQs/a_Resources' is visible

2023-07-03 20:19:33 - [TEST_STEP][PASSED] - verifyElementVisible(findTestObject("Object Repository/KSD/Page_Product FAQs/a_Services")): Object 'Object Repository/KSD/Page_Product FAQs/a_Services' is visible

2023-07-03 20:19:34 - [MESSAGE][PASSED] - Object 'Object Repository/KSD/Page_Product FAQs/a_Services' is visible

2023-07-03 20:19:34 - [TEST_STEP][PASSED] - verifyElementVisible(findTestObject("Object Repository/KSD/Page_Product FAQs/a_Inspiration")): Object 'Object Repository/KSD/Page_Product FAQs/a_Inspiration' is visible

2023-07-03 20:19:34 - [MESSAGE][PASSED] - Object 'Object Repository/KSD/Page_Product FAQs/a_Inspiration' is visible

2023-07-03 20:19:34 - [TEST_STEP][PASSED] - click(findTestObject("Object Repository/KSD/Page_Product FAQs/button_OK")): Object: 'Object Repository/KSD/Page_Product FAQs/button_OK' is clicked on

2023-07-03 20:19:35 - [MESSAGE][PASSED] - Object: 'Object Repository/KSD/Page_Product FAQs/button_OK' is clicked on

2023-07-03 20:19:35 - [TEST_STEP][PASSED] - verifyElementVisible(findTestObject("Object Repository/KSD/Page_Product FAQs/a_Events")): Object 'Object Repository/KSD/Page_Product FAQs/a_Events' is visible

2023-07-03 20:19:35 - [MESSAGE][PASSED] - Object 'Object Repository/KSD/Page_Product FAQs/a_Events' is visible

2023-07-03 20:19:35 - [TEST_STEP][PASSED] - verifyElementVisible(findTestObject("Object Repository/KSD/Page_Product FAQs/a_About")): Object 'Object Repository/KSD/Page_Product FAQs/a_About' is visible

2023-07-03 20:19:35 - [MESSAGE][PASSED] - Object 'Object Repository/KSD/Page_Product FAQs/a_About' is visible

2023-07-03 20:19:35 - [TEST_STEP][PASSED] - verifyElementVisible(findTestObject("Object Repository/KSD/Page_Product FAQs/a_India")): Object 'Object Repository/KSD/Page_Product FAQs/a_India' is visible

2023-07-03 20:19:36 - [MESSAGE][PASSED] - Object 'Object Repository/KSD/Page_Product FAQs/a_India' is visible

2023-07-03 20:19:36 - [TEST_STEP][PASSED] - verifyElementVisible(findTestObject("Object Repository/KSD/Page_Product FAQs/i_OK_fal fa-folder")): Object 'Object Repository/KSD/Page_Product FAQs/i_OK_fal fa-folder' is visible

2023-07-03 20:19:36 - [MESSAGE][PASSED] - Object 'Object Repository/KSD/Page_Product FAQs/i_OK_fal fa-folder' is visible

2023-07-03 20:19:36 - [TEST_STEP][PASSED] - verifyElementVisible(findTestObject("Object Repository/KSD/Page_Product FAQs/i_OK_fal fa-map-marker-alt")): Object 'Object Repository/KSD/Page_Product FAQs/i_OK_fal fa-map-marker-alt' is visible

2023-07-03 20:19:36 - [MESSAGE][PASSED] - Object 'Object Repository/KSD/Page_Product FAQs/i_OK_fal fa-map-marker-alt' is visible

2023-07-03 20:19:36 - [TEST_STEP][PASSED] - verifyElementVisible(findTestObject("Object Repository/KSD/Page_Product FAQs/i_OK_fal fa-user")): Object 'Object Repository/KSD/Page_Product FAQs/i_OK_fal fa-user' is visible

2023-07-03 20:19:37 - [MESSAGE][PASSED] - Object 'Object Repository/KSD/Page_Product FAQs/i_OK_fal fa-user' is visible

2023-07-03 20:19:37 - [TEST_STEP][PASSED] - verifyElementVisible(findTestObject("Object Repository/KSD/Page_Product FAQs/i_Project Folder_fal fa-search")): Object 'Object Repository/KSD/Page_Product FAQs/i_Project Folder_fal fa-search' is visible

2023-07-03 20:19:37 - [MESSAGE][PASSED] - Object 'Object Repository/KSD/Page_Product FAQs/i_Project Folder_fal fa-search' is visible

2023-07-03 20:19:37 - [TEST_STEP][PASSED] - verifyElementVisible(findTestObject("Object Repository/KSD/Page_Product FAQs/img_OK_black-version logo_js")): Object 'Object Repository/KSD/Page_Product FAQs/img_OK_black-version logo_js' is visible

2023-07-03 20:19:37 - [MESSAGE][PASSED] - Object 'Object Repository/KSD/Page_Product FAQs/img_OK_black-version logo_js' is visible

2023-07-03 20:19:37 - [TEST_STEP][PASSED] - closeBrowser(): Browser is closed

2023-07-03 20:19:38 - [MESSAGE][PASSED] - Browser is closed]]></system-out>
         <system-err><![CDATA[]]></system-err>
      </testcase>
      <testcase name="Test Cases/KDS/TC_03_Search_Functionality" time="16.226" classname="Test Cases/KDS/TC_03_Search_Functionality" status="PASSED">
         <system-out><![CDATA[2023-07-03 20:19:38 - [TEST_CASE][PASSED] - Test Cases/KDS/TC_03_Search_Functionality: Test Cases/KDS/TC_03_Search_Functionality

2023-07-03 20:19:38 - [TEST_STEP][PASSED] - openBrowser(""): Browser is opened with url: ''

2023-07-03 20:19:38 - [MESSAGE][INFO] - Starting 'Firefox' driver

2023-07-03 20:19:38 - [MESSAGE][INFO] - Action delay is set to 0 milliseconds

2023-07-03 20:19:40 - [MESSAGE][PASSED] - Browser is opened with url: ''

2023-07-03 20:19:40 - [TEST_STEP][PASSED] - navigateToUrl("https://www.studiokohler.com/en-us/faqs"): Navigate to 'https://www.studiokohler.com/en-us/faqs' successfully

2023-07-03 20:19:44 - [MESSAGE][PASSED] - Navigate to 'https://www.studiokohler.com/en-us/faqs' successfully

2023-07-03 20:19:44 - [TEST_STEP][PASSED] - maximizeWindow(): Current window maximized

2023-07-03 20:19:45 - [MESSAGE][PASSED] - Current window maximized

2023-07-03 20:19:45 - [TEST_STEP][PASSED] - click(findTestObject("Object Repository/KSD/Page_Product FAQs/i_Project Folder_fal fa-search")): Object: 'Object Repository/KSD/Page_Product FAQs/i_Project Folder_fal fa-search' is clicked on

2023-07-03 20:19:48 - [MESSAGE][PASSED] - Object: 'Object Repository/KSD/Page_Product FAQs/i_Project Folder_fal fa-search' is clicked on

2023-07-03 20:19:48 - [TEST_STEP][PASSED] - setText(findTestObject("Object Repository/KSD/Page_Product FAQs/input_Project Folder_search"), "toi"): Text 'toi' is set on object 'Object Repository/KSD/Page_Product FAQs/input_Project Folder_search'

2023-07-03 20:19:48 - [MESSAGE][PASSED] - Text 'toi' is set on object 'Object Repository/KSD/Page_Product FAQs/input_Project Folder_search'

2023-07-03 20:19:48 - [TEST_STEP][PASSED] - click(findTestObject("Object Repository/KSD/Page_Product FAQs/a_Toilets")): Object: 'Object Repository/KSD/Page_Product FAQs/a_Toilets' is clicked on

2023-07-03 20:19:52 - [MESSAGE][PASSED] - Object: 'Object Repository/KSD/Page_Product FAQs/a_Toilets' is clicked on

2023-07-03 20:19:52 - [TEST_STEP][PASSED] - click(findTestObject("Object Repository/KSD/Page_Search Results/span_Search Results for Toilets")): Object: 'Object Repository/KSD/Page_Search Results/span_Search Results for Toilets' is clicked on

2023-07-03 20:19:54 - [MESSAGE][PASSED] - Object: 'Object Repository/KSD/Page_Search Results/span_Search Results for Toilets' is clicked on

2023-07-03 20:19:54 - [TEST_STEP][PASSED] - verifyElementVisible(findTestObject("Object Repository/KSD/Page_Search Results/span_Search Results for Toilets")): Object 'Object Repository/KSD/Page_Search Results/span_Search Results for Toilets' is visible

2023-07-03 20:19:54 - [MESSAGE][PASSED] - Object 'Object Repository/KSD/Page_Search Results/span_Search Results for Toilets' is visible]]></system-out>
         <system-err><![CDATA[]]></system-err>
      </testcase>
      <testcase name="Test Cases/KDS/TC_05_Cookies_Close" time="11.261" classname="Test Cases/KDS/TC_05_Cookies_Close" status="PASSED">
         <system-out><![CDATA[2023-07-03 20:19:54 - [TEST_CASE][PASSED] - Test Cases/KDS/TC_05_Cookies_Close: Test Cases/KDS/TC_05_Cookies_Close

2023-07-03 20:19:54 - [TEST_STEP][PASSED] - openBrowser(""): Browser is opened with url: ''

2023-07-03 20:19:54 - [MESSAGE][WARNING] - A browser is already opened. Closing browser and opening a new one

2023-07-03 20:19:55 - [MESSAGE][INFO] - Starting 'Firefox' driver

2023-07-03 20:19:55 - [MESSAGE][INFO] - Action delay is set to 0 milliseconds

2023-07-03 20:19:57 - [MESSAGE][PASSED] - Browser is opened with url: ''

2023-07-03 20:19:57 - [TEST_STEP][PASSED] - navigateToUrl("https://www.studiokohler.com/en-us/faqs"): Navigate to 'https://www.studiokohler.com/en-us/faqs' successfully

2023-07-03 20:20:03 - [MESSAGE][PASSED] - Navigate to 'https://www.studiokohler.com/en-us/faqs' successfully

2023-07-03 20:20:03 - [TEST_STEP][PASSED] - maximizeWindow(): Current window maximized

2023-07-03 20:20:03 - [MESSAGE][PASSED] - Current window maximized

2023-07-03 20:20:03 - [TEST_STEP][PASSED] - click(findTestObject("Object Repository/KSD/Page_Product FAQs/div_Cookie PreferencesCookies may be used o_f66e1a")): Object: 'Object Repository/KSD/Page_Product FAQs/div_Cookie PreferencesCookies may be used o_f66e1a' is clicked on

2023-07-03 20:20:04 - [MESSAGE][PASSED] - Object: 'Object Repository/KSD/Page_Product FAQs/div_Cookie PreferencesCookies may be used o_f66e1a' is clicked on

2023-07-03 20:20:04 - [TEST_STEP][PASSED] - verifyElementVisible(findTestObject("Object Repository/KSD/Page_Product FAQs/div_Cookie PreferencesCookies may be used o_f66e1a")): Object 'Object Repository/KSD/Page_Product FAQs/div_Cookie PreferencesCookies may be used o_f66e1a' is visible

2023-07-03 20:20:05 - [MESSAGE][PASSED] - Object 'Object Repository/KSD/Page_Product FAQs/div_Cookie PreferencesCookies may be used o_f66e1a' is visible

2023-07-03 20:20:05 - [TEST_STEP][PASSED] - closeBrowser(): Browser is closed

2023-07-03 20:20:05 - [MESSAGE][PASSED] - Browser is closed]]></system-out>
         <system-err><![CDATA[]]></system-err>
      </testcase>
      <testcase name="Test Cases/KDS/TC_06_Select_Project_Location" time="12.427" classname="Test Cases/KDS/TC_06_Select_Project_Location" status="PASSED">
         <system-out><![CDATA[2023-07-03 20:20:05 - [TEST_CASE][PASSED] - Test Cases/KDS/TC_06_Select_Project_Location: Test Cases/KDS/TC_06_Select_Project_Location

2023-07-03 20:20:06 - [TEST_STEP][PASSED] - openBrowser(""): Browser is opened with url: ''

2023-07-03 20:20:06 - [MESSAGE][INFO] - Starting 'Firefox' driver

2023-07-03 20:20:06 - [MESSAGE][INFO] - Action delay is set to 0 milliseconds

2023-07-03 20:20:08 - [MESSAGE][PASSED] - Browser is opened with url: ''

2023-07-03 20:20:08 - [TEST_STEP][PASSED] - navigateToUrl("https://www.studiokohler.com/en-us/faqs"): Navigate to 'https://www.studiokohler.com/en-us/faqs' successfully

2023-07-03 20:20:13 - [MESSAGE][PASSED] - Navigate to 'https://www.studiokohler.com/en-us/faqs' successfully

2023-07-03 20:20:13 - [TEST_STEP][PASSED] - maximizeWindow(): Current window maximized

2023-07-03 20:20:14 - [MESSAGE][PASSED] - Current window maximized

2023-07-03 20:20:14 - [TEST_STEP][PASSED] - click(findTestObject("Object Repository/KSD/Page_Product FAQs/a_India")): Object: 'Object Repository/KSD/Page_Product FAQs/a_India' is clicked on

2023-07-03 20:20:15 - [MESSAGE][PASSED] - Object: 'Object Repository/KSD/Page_Product FAQs/a_India' is clicked on

2023-07-03 20:20:15 - [TEST_STEP][PASSED] - click(findTestObject("Object Repository/KSD/Page_Product FAQs/div_Select Project LocationDisplays product_9e5542")): Object: 'Object Repository/KSD/Page_Product FAQs/div_Select Project LocationDisplays product_9e5542' is clicked on

2023-07-03 20:20:16 - [MESSAGE][PASSED] - Object: 'Object Repository/KSD/Page_Product FAQs/div_Select Project LocationDisplays product_9e5542' is clicked on

2023-07-03 20:20:16 - [TEST_STEP][PASSED] - verifyElementVisible(findTestObject("Object Repository/KSD/Page_Product FAQs/h1_Select Project Location")): Object 'Object Repository/KSD/Page_Product FAQs/h1_Select Project Location' is visible

2023-07-03 20:20:16 - [MESSAGE][PASSED] - Object 'Object Repository/KSD/Page_Product FAQs/h1_Select Project Location' is visible

2023-07-03 20:20:16 - [TEST_STEP][PASSED] - verifyElementVisible(findTestObject("Object Repository/KSD/Page_Product FAQs/a_Africa")): Object 'Object Repository/KSD/Page_Product FAQs/a_Africa' is visible

2023-07-03 20:20:16 - [MESSAGE][PASSED] - Object 'Object Repository/KSD/Page_Product FAQs/a_Africa' is visible

2023-07-03 20:20:16 - [TEST_STEP][PASSED] - verifyElementVisible(findTestObject("Object Repository/KSD/Page_Product FAQs/a_Americas")): Object 'Object Repository/KSD/Page_Product FAQs/a_Americas' is visible

2023-07-03 20:20:17 - [MESSAGE][PASSED] - Object 'Object Repository/KSD/Page_Product FAQs/a_Americas' is visible

2023-07-03 20:20:17 - [TEST_STEP][PASSED] - verifyElementVisible(findTestObject("Object Repository/KSD/Page_Product FAQs/a_Asia")): Object 'Object Repository/KSD/Page_Product FAQs/a_Asia' is visible

2023-07-03 20:20:17 - [MESSAGE][PASSED] - Object 'Object Repository/KSD/Page_Product FAQs/a_Asia' is visible

2023-07-03 20:20:17 - [TEST_STEP][PASSED] - verifyElementVisible(findTestObject("Object Repository/KSD/Page_Product FAQs/a_Australasia")): Object 'Object Repository/KSD/Page_Product FAQs/a_Australasia' is visible

2023-07-03 20:20:17 - [MESSAGE][PASSED] - Object 'Object Repository/KSD/Page_Product FAQs/a_Australasia' is visible

2023-07-03 20:20:17 - [TEST_STEP][PASSED] - verifyElementVisible(findTestObject("Object Repository/KSD/Page_Product FAQs/a_Europe")): Object 'Object Repository/KSD/Page_Product FAQs/a_Europe' is visible

2023-07-03 20:20:18 - [MESSAGE][PASSED] - Object 'Object Repository/KSD/Page_Product FAQs/a_Europe' is visible

2023-07-03 20:20:18 - [TEST_STEP][PASSED] - verifyElementVisible(findTestObject("Object Repository/KSD/Page_Product FAQs/a_Middle East")): Object 'Object Repository/KSD/Page_Product FAQs/a_Middle East' is visible

2023-07-03 20:20:18 - [MESSAGE][PASSED] - Object 'Object Repository/KSD/Page_Product FAQs/a_Middle East' is visible]]></system-out>
         <system-err><![CDATA[]]></system-err>
      </testcase>
      <testcase name="Test Cases/KDS/TC_14_Check_Find_Store_Link_In_Header" time="15.636" classname="Test Cases/KDS/TC_14_Check_Find_Store_Link_In_Header" status="PASSED">
         <system-out><![CDATA[2023-07-03 20:20:18 - [TEST_CASE][PASSED] - Test Cases/KDS/TC_14_Check_Find_Store_Link_In_Header: Test Cases/KDS/TC_14_Check_Find_Store_Link_In_Header

2023-07-03 20:20:18 - [TEST_STEP][PASSED] - openBrowser(""): Browser is opened with url: ''

2023-07-03 20:20:18 - [MESSAGE][WARNING] - A browser is already opened. Closing browser and opening a new one

2023-07-03 20:20:19 - [MESSAGE][INFO] - Starting 'Firefox' driver

2023-07-03 20:20:19 - [MESSAGE][INFO] - Action delay is set to 0 milliseconds

2023-07-03 20:20:21 - [MESSAGE][PASSED] - Browser is opened with url: ''

2023-07-03 20:20:21 - [TEST_STEP][PASSED] - navigateToUrl("https://www.studiokohler.com/en-us/faqs"): Navigate to 'https://www.studiokohler.com/en-us/faqs' successfully

2023-07-03 20:20:26 - [MESSAGE][PASSED] - Navigate to 'https://www.studiokohler.com/en-us/faqs' successfully

2023-07-03 20:20:26 - [TEST_STEP][PASSED] - maximizeWindow(): Current window maximized

2023-07-03 20:20:26 - [MESSAGE][PASSED] - Current window maximized

2023-07-03 20:20:26 - [TEST_STEP][PASSED] - click(findTestObject("Object Repository/KSD/Page_Product FAQs/Page_Product FAQs/button_Accept All Cookies")): Object: 'Object Repository/KSD/Page_Product FAQs/Page_Product FAQs/button_Accept All Cookies' is clicked on

2023-07-03 20:20:28 - [MESSAGE][PASSED] - Object: 'Object Repository/KSD/Page_Product FAQs/Page_Product FAQs/button_Accept All Cookies' is clicked on

2023-07-03 20:20:28 - [TEST_STEP][PASSED] - click(findTestObject("Object Repository/KSD/Page_Product FAQs/Page_Product FAQs/i_OK_fal fa-map-marker-alt")): Object: 'Object Repository/KSD/Page_Product FAQs/Page_Product FAQs/i_OK_fal fa-map-marker-alt' is clicked on

2023-07-03 20:20:32 - [MESSAGE][PASSED] - Object: 'Object Repository/KSD/Page_Product FAQs/Page_Product FAQs/i_OK_fal fa-map-marker-alt' is clicked on

2023-07-03 20:20:32 - [TEST_STEP][PASSED] - verifyElementVisible(findTestObject("Object Repository/KSD/Page_Product FAQs/Page_Find a KOHLER Store  Studio KOHLER/p_Find a Kohler Experience Center or Kohler_9474eb")): Object 'Object Repository/KSD/Page_Product FAQs/Page_Find a KOHLER Store  Studio KOHLER/p_Find a Kohler Experience Center or Kohler_9474eb' is visible

2023-07-03 20:20:34 - [MESSAGE][PASSED] - Object 'Object Repository/KSD/Page_Product FAQs/Page_Find a KOHLER Store  Studio KOHLER/p_Find a Kohler Experience Center or Kohler_9474eb' is visible]]></system-out>
         <system-err><![CDATA[]]></system-err>
      </testcase>
      <testcase name="Test Cases/KDS/TC_25_ Footer_Press_Room_Link" time="15.65" classname="Test Cases/KDS/TC_25_ Footer_Press_Room_Link" status="PASSED">
         <system-out><![CDATA[2023-07-03 20:20:34 - [TEST_CASE][PASSED] - Test Cases/KDS/TC_25_ Footer_Press_Room_Link: Test Cases/KDS/TC_25_ Footer_Press_Room_Link

2023-07-03 20:20:34 - [TEST_STEP][PASSED] - openBrowser(""): Browser is opened with url: ''

2023-07-03 20:20:34 - [MESSAGE][WARNING] - A browser is already opened. Closing browser and opening a new one

2023-07-03 20:20:34 - [MESSAGE][INFO] - Starting 'Firefox' driver

2023-07-03 20:20:34 - [MESSAGE][INFO] - Action delay is set to 0 milliseconds

2023-07-03 20:20:36 - [MESSAGE][PASSED] - Browser is opened with url: ''

2023-07-03 20:20:36 - [TEST_STEP][PASSED] - navigateToUrl("https://www.studiokohler.com/en-us/faqs"): Navigate to 'https://www.studiokohler.com/en-us/faqs' successfully

2023-07-03 20:20:42 - [MESSAGE][PASSED] - Navigate to 'https://www.studiokohler.com/en-us/faqs' successfully

2023-07-03 20:20:42 - [TEST_STEP][PASSED] - maximizeWindow(): Current window maximized

2023-07-03 20:20:42 - [MESSAGE][PASSED] - Current window maximized

2023-07-03 20:20:42 - [TEST_STEP][PASSED] - click(findTestObject("Object Repository/KSD/Page_Product FAQs/button_Accept All Cookies")): Object: 'Object Repository/KSD/Page_Product FAQs/button_Accept All Cookies' is clicked on

2023-07-03 20:20:44 - [MESSAGE][PASSED] - Object: 'Object Repository/KSD/Page_Product FAQs/button_Accept All Cookies' is clicked on

2023-07-03 20:20:44 - [TEST_STEP][PASSED] - verifyElementVisible(findTestObject("Object Repository/KSD/Page_Product FAQs/a_Press Room")): Object 'Object Repository/KSD/Page_Product FAQs/a_Press Room' is visible

2023-07-03 20:20:44 - [MESSAGE][PASSED] - Object 'Object Repository/KSD/Page_Product FAQs/a_Press Room' is visible

2023-07-03 20:20:44 - [TEST_STEP][PASSED] - click(findTestObject("Object Repository/KSD/Page_Product FAQs/a_Press Room")): Object: 'Object Repository/KSD/Page_Product FAQs/a_Press Room' is clicked on

2023-07-03 20:20:47 - [MESSAGE][PASSED] - Object: 'Object Repository/KSD/Page_Product FAQs/a_Press Room' is clicked on

2023-07-03 20:20:47 - [TEST_STEP][PASSED] - verifyElementVisible(findTestObject("Object Repository/KSD/Page_Press Room/h1_Press Room")): Object 'Object Repository/KSD/Page_Press Room/h1_Press Room' is visible

2023-07-03 20:20:49 - [MESSAGE][PASSED] - Object 'Object Repository/KSD/Page_Press Room/h1_Press Room' is visible

2023-07-03 20:20:49 - [TEST_STEP][PASSED] - getUrl(): Current window's url is: 'https://www.studiokohler.com/en-us/pressroom'

2023-07-03 20:20:49 - [MESSAGE][PASSED] - Current window's url is: 'https://www.studiokohler.com/en-us/pressroom']]></system-out>
         <system-err><![CDATA[]]></system-err>
      </testcase>
      <system-out><![CDATA[2023-07-03 20:19:02 - [TEST_SUITE][PASSED] - KDS_Smoke_Suite: Test Cases/KDS/TC_25_ Footer_Press_Room_Link]]></system-out>
      <system-err><![CDATA[]]></system-err>
   </testsuite>
</testsuites>
