<?xml version="1.0" encoding="UTF-8"?>
<testsuites name="KDS_Test_Suite" time="1647.502" tests="11" failures="0" errors="0">
   <testsuite name="KDS_Test_Suite" tests="11" failures="0" errors="0" time="1647.502" skipped="0" timestamp="2023-06-29 19:17:50" hostname="bhushan - 192.168.1.13" id="Test Suites/KDS_Test_Suite">
      <properties>
         <property name="deviceName" value=""/>
         <property name="devicePlatform" value=""/>
         <property name="logFolder" value="/Users/bhushan/git/katalon/Reports/20230629_191746/KDS_Test_Suite/20230629_191746"/>
         <property name="logFiles" value="/Users/bhushan/git/katalon/Reports/20230629_191746/KDS_Test_Suite/20230629_191746/execution0.log"/>
         <property name="attachments" value=""/>
         <property name="hostName" value="bhushan - 192.168.1.13"/>
         <property name="os" value="Mac OS X 64bit"/>
         <property name="katalonVersion" value="8.4.1.208"/>
         <property name="browser" value="Chrome 114.0.0.0"/>
         <property name="hostAddress" value="192.168.1.13"/>
         <property name="sessionId" value="78854da6bb61cd15d0c87daf9bd56831"/>
         <property name="seleniumVersion" value="3.141.59"/>
         <property name="proxyInformation" value="ProxyInformation { proxyOption=NO_PROXY, proxyServerType=HTTP, username=, password=********, proxyServerAddress=, proxyServerPort=0, executionList=&quot;&quot;, isApplyToDesiredCapabilities=true }"/>
         <property name="platform" value="Mac OS X"/>
      </properties>
      <testcase name="Test Cases/KDS/TC_14_Check_Find_Store_Link_In_Header" time="137.53" classname="Test Cases/KDS/TC_14_Check_Find_Store_Link_In_Header" status="PASSED">
         <system-out><![CDATA[2023-06-29 19:17:51 - [TEST_CASE][PASSED] - Test Cases/KDS/TC_14_Check_Find_Store_Link_In_Header: Test Cases/KDS/TC_14_Check_Find_Store_Link_In_Header

2023-06-29 19:17:51 - [TEST_STEP][PASSED] - openBrowser(""): Browser is opened with url: ''

2023-06-29 19:17:52 - [MESSAGE][INFO] - Starting 'Chrome' driver

2023-06-29 19:17:52 - [MESSAGE][INFO] - Action delay is set to 0 milliseconds

2023-06-29 19:18:01 - [MESSAGE][PASSED] - Browser is opened with url: ''

2023-06-29 19:18:01 - [TEST_STEP][PASSED] - navigateToUrl("https://www.studiokohler.com/en-us/faqs"): Navigate to 'https://www.studiokohler.com/en-us/faqs' successfully

2023-06-29 19:18:58 - [MESSAGE][PASSED] - Navigate to 'https://www.studiokohler.com/en-us/faqs' successfully

2023-06-29 19:18:58 - [TEST_STEP][PASSED] - maximizeWindow(): Current window maximized

2023-06-29 19:19:04 - [MESSAGE][PASSED] - Current window maximized

2023-06-29 19:19:04 - [TEST_STEP][PASSED] - click(findTestObject("Object Repository/KSD/Page_Product FAQs/Page_Product FAQs/button_Accept All Cookies")): Object: 'Object Repository/KSD/Page_Product FAQs/Page_Product FAQs/button_Accept All Cookies' is clicked on

2023-06-29 19:19:10 - [MESSAGE][PASSED] - Object: 'Object Repository/KSD/Page_Product FAQs/Page_Product FAQs/button_Accept All Cookies' is clicked on

2023-06-29 19:19:10 - [TEST_STEP][PASSED] - click(findTestObject("Object Repository/KSD/Page_Product FAQs/Page_Product FAQs/i_OK_fal fa-map-marker-alt")): Object: 'Object Repository/KSD/Page_Product FAQs/Page_Product FAQs/i_OK_fal fa-map-marker-alt' is clicked on

2023-06-29 19:20:07 - [MESSAGE][PASSED] - Object: 'Object Repository/KSD/Page_Product FAQs/Page_Product FAQs/i_OK_fal fa-map-marker-alt' is clicked on

2023-06-29 19:20:07 - [TEST_STEP][PASSED] - verifyElementVisible(findTestObject("Object Repository/KSD/Page_Product FAQs/Page_Find a KOHLER Store  Studio KOHLER/p_Find a Kohler Experience Center or Kohler_9474eb")): Object 'Object Repository/KSD/Page_Product FAQs/Page_Find a KOHLER Store  Studio KOHLER/p_Find a Kohler Experience Center or Kohler_9474eb' is visible

2023-06-29 19:20:09 - [MESSAGE][PASSED] - Object 'Object Repository/KSD/Page_Product FAQs/Page_Find a KOHLER Store  Studio KOHLER/p_Find a Kohler Experience Center or Kohler_9474eb' is visible]]></system-out>
         <system-err><![CDATA[]]></system-err>
      </testcase>
      <testcase name="Test Cases/KDS/TC_15_Find_Store_Brazil_Location" time="142.662" classname="Test Cases/KDS/TC_15_Find_Store_Brazil_Location" status="PASSED">
         <system-out><![CDATA[2023-06-29 19:20:09 - [TEST_CASE][PASSED] - Test Cases/KDS/TC_15_Find_Store_Brazil_Location: Test Cases/KDS/TC_15_Find_Store_Brazil_Location

2023-06-29 19:20:09 - [TEST_STEP][PASSED] - callTestCase(findTestCase("KDS/TC_14_Check_Find_Store_Link_In_Header"), [:], STOP_ON_FAILURE): Call Test Case 'Test Cases/KDS/TC_14_Check_Find_Store_Link_In_Header' successfully

2023-06-29 19:20:09 - [TEST_CASE][PASSED] - Test Cases/KDS/TC_14_Check_Find_Store_Link_In_Header: Test Cases/KDS/TC_14_Check_Find_Store_Link_In_Header

2023-06-29 19:20:09 - [TEST_STEP][PASSED] - openBrowser(""): Browser is opened with url: ''

2023-06-29 19:20:09 - [MESSAGE][WARNING] - A browser is already opened. Closing browser and opening a new one

2023-06-29 19:20:09 - [MESSAGE][INFO] - Starting 'Chrome' driver

2023-06-29 19:20:09 - [MESSAGE][INFO] - Action delay is set to 0 milliseconds

2023-06-29 19:20:15 - [MESSAGE][PASSED] - Browser is opened with url: ''

2023-06-29 19:20:15 - [TEST_STEP][PASSED] - navigateToUrl("https://www.studiokohler.com/en-us/faqs"): Navigate to 'https://www.studiokohler.com/en-us/faqs' successfully

2023-06-29 19:21:20 - [MESSAGE][PASSED] - Navigate to 'https://www.studiokohler.com/en-us/faqs' successfully

2023-06-29 19:21:20 - [TEST_STEP][PASSED] - maximizeWindow(): Current window maximized

2023-06-29 19:21:23 - [MESSAGE][PASSED] - Current window maximized

2023-06-29 19:21:23 - [TEST_STEP][PASSED] - click(findTestObject("Object Repository/KSD/Page_Product FAQs/Page_Product FAQs/button_Accept All Cookies")): Object: 'Object Repository/KSD/Page_Product FAQs/Page_Product FAQs/button_Accept All Cookies' is clicked on

2023-06-29 19:21:26 - [MESSAGE][PASSED] - Object: 'Object Repository/KSD/Page_Product FAQs/Page_Product FAQs/button_Accept All Cookies' is clicked on

2023-06-29 19:21:26 - [TEST_STEP][PASSED] - click(findTestObject("Object Repository/KSD/Page_Product FAQs/Page_Product FAQs/i_OK_fal fa-map-marker-alt")): Object: 'Object Repository/KSD/Page_Product FAQs/Page_Product FAQs/i_OK_fal fa-map-marker-alt' is clicked on

2023-06-29 19:22:21 - [MESSAGE][PASSED] - Object: 'Object Repository/KSD/Page_Product FAQs/Page_Product FAQs/i_OK_fal fa-map-marker-alt' is clicked on

2023-06-29 19:22:21 - [TEST_STEP][PASSED] - verifyElementVisible(findTestObject("Object Repository/KSD/Page_Product FAQs/Page_Find a KOHLER Store  Studio KOHLER/p_Find a Kohler Experience Center or Kohler_9474eb")): Object 'Object Repository/KSD/Page_Product FAQs/Page_Find a KOHLER Store  Studio KOHLER/p_Find a Kohler Experience Center or Kohler_9474eb' is visible

2023-06-29 19:22:24 - [MESSAGE][PASSED] - Object 'Object Repository/KSD/Page_Product FAQs/Page_Find a KOHLER Store  Studio KOHLER/p_Find a Kohler Experience Center or Kohler_9474eb' is visible

2023-06-29 19:22:24 - [MESSAGE][PASSED] - Call Test Case 'Test Cases/KDS/TC_14_Check_Find_Store_Link_In_Header' successfully

2023-06-29 19:22:24 - [TEST_STEP][PASSED] - click(findTestObject("Object Repository/KSD/Page_Find a KOHLER Store  Studio KOHLER/a_BRAZIL")): Object: 'Object Repository/KSD/Page_Find a KOHLER Store  Studio KOHLER/a_BRAZIL' is clicked on

2023-06-29 19:22:28 - [MESSAGE][PASSED] - Object: 'Object Repository/KSD/Page_Find a KOHLER Store  Studio KOHLER/a_BRAZIL' is clicked on

2023-06-29 19:22:28 - [TEST_STEP][PASSED] - verifyElementVisible(findTestObject("Object Repository/KSD/Page_Find a KOHLER Store  Studio KOHLER/h1_All Stores")): Object 'Object Repository/KSD/Page_Find a KOHLER Store  Studio KOHLER/h1_All Stores' is visible

2023-06-29 19:22:30 - [MESSAGE][PASSED] - Object 'Object Repository/KSD/Page_Find a KOHLER Store  Studio KOHLER/h1_All Stores' is visible

2023-06-29 19:22:30 - [TEST_STEP][PASSED] - verifyElementVisible(findTestObject("Object Repository/KSD/Page_Find a KOHLER Store  Studio KOHLER/span_BRAZIL")): Object 'Object Repository/KSD/Page_Find a KOHLER Store  Studio KOHLER/span_BRAZIL' is visible

2023-06-29 19:22:31 - [MESSAGE][PASSED] - Object 'Object Repository/KSD/Page_Find a KOHLER Store  Studio KOHLER/span_BRAZIL' is visible

2023-06-29 19:22:31 - [TEST_STEP][PASSED] - closeBrowser(): Browser is closed

2023-06-29 19:22:31 - [MESSAGE][PASSED] - Browser is closed]]></system-out>
         <system-err><![CDATA[]]></system-err>
      </testcase>
      <testcase name="Test Cases/KDS/TC_16_Find_Store_CANADA_Location" time="145.131" classname="Test Cases/KDS/TC_16_Find_Store_CANADA_Location" status="PASSED">
         <system-out><![CDATA[2023-06-29 19:22:31 - [TEST_CASE][PASSED] - Test Cases/KDS/TC_16_Find_Store_CANADA_Location: Test Cases/KDS/TC_16_Find_Store_CANADA_Location

2023-06-29 19:22:32 - [TEST_STEP][PASSED] - openBrowser(""): Browser is opened with url: ''

2023-06-29 19:22:32 - [MESSAGE][INFO] - Starting 'Chrome' driver

2023-06-29 19:22:32 - [MESSAGE][INFO] - Action delay is set to 0 milliseconds

2023-06-29 19:22:37 - [MESSAGE][PASSED] - Browser is opened with url: ''

2023-06-29 19:22:37 - [TEST_STEP][PASSED] - navigateToUrl("https://www.studiokohler.com/en-us/faqs"): Navigate to 'https://www.studiokohler.com/en-us/faqs' successfully

2023-06-29 19:23:44 - [MESSAGE][PASSED] - Navigate to 'https://www.studiokohler.com/en-us/faqs' successfully

2023-06-29 19:23:44 - [TEST_STEP][PASSED] - maximizeWindow(): Current window maximized

2023-06-29 19:23:45 - [MESSAGE][PASSED] - Current window maximized

2023-06-29 19:23:45 - [TEST_STEP][PASSED] - click(findTestObject("Object Repository/KSD/Page_Find a KOHLER Store  Studio KOHLER/Page_Product FAQs/button_Accept All Cookies")): Object: 'Object Repository/KSD/Page_Find a KOHLER Store  Studio KOHLER/Page_Product FAQs/button_Accept All Cookies' is clicked on

2023-06-29 19:23:49 - [MESSAGE][PASSED] - Object: 'Object Repository/KSD/Page_Find a KOHLER Store  Studio KOHLER/Page_Product FAQs/button_Accept All Cookies' is clicked on

2023-06-29 19:23:49 - [TEST_STEP][PASSED] - click(findTestObject("Object Repository/KSD/Page_Find a KOHLER Store  Studio KOHLER/Page_Product FAQs/i_OK_fal fa-map-marker-alt")): Object: 'Object Repository/KSD/Page_Find a KOHLER Store  Studio KOHLER/Page_Product FAQs/i_OK_fal fa-map-marker-alt' is clicked on

2023-06-29 19:24:47 - [MESSAGE][PASSED] - Object: 'Object Repository/KSD/Page_Find a KOHLER Store  Studio KOHLER/Page_Product FAQs/i_OK_fal fa-map-marker-alt' is clicked on

2023-06-29 19:24:47 - [TEST_STEP][PASSED] - verifyElementVisible(findTestObject("Object Repository/KSD/Page_Find a KOHLER Store  Studio KOHLER/Page_Find a KOHLER Store  Studio KOHLER/h2_Select Store Location")): Object 'Object Repository/KSD/Page_Find a KOHLER Store  Studio KOHLER/Page_Find a KOHLER Store  Studio KOHLER/h2_Select Store Location' is visible

2023-06-29 19:24:49 - [MESSAGE][PASSED] - Object 'Object Repository/KSD/Page_Find a KOHLER Store  Studio KOHLER/Page_Find a KOHLER Store  Studio KOHLER/h2_Select Store Location' is visible

2023-06-29 19:24:49 - [TEST_STEP][PASSED] - click(findTestObject("Object Repository/KSD/Page_Find a KOHLER Store  Studio KOHLER/Page_Find a KOHLER Store  Studio KOHLER/a_CANADA")): Object: 'Object Repository/KSD/Page_Find a KOHLER Store  Studio KOHLER/Page_Find a KOHLER Store  Studio KOHLER/a_CANADA' is clicked on

2023-06-29 19:24:53 - [MESSAGE][PASSED] - Object: 'Object Repository/KSD/Page_Find a KOHLER Store  Studio KOHLER/Page_Find a KOHLER Store  Studio KOHLER/a_CANADA' is clicked on

2023-06-29 19:24:53 - [TEST_STEP][PASSED] - verifyElementVisible(findTestObject("Object Repository/KSD/Page_Find a KOHLER Store  Studio KOHLER/Page_Find a KOHLER Store  Studio KOHLER/h1_All Stores")): Object 'Object Repository/KSD/Page_Find a KOHLER Store  Studio KOHLER/Page_Find a KOHLER Store  Studio KOHLER/h1_All Stores' is visible

2023-06-29 19:24:55 - [MESSAGE][PASSED] - Object 'Object Repository/KSD/Page_Find a KOHLER Store  Studio KOHLER/Page_Find a KOHLER Store  Studio KOHLER/h1_All Stores' is visible

2023-06-29 19:24:55 - [TEST_STEP][PASSED] - verifyElementVisible(findTestObject("Object Repository/KSD/Page_Find a KOHLER Store  Studio KOHLER/Page_Find a KOHLER Store  Studio KOHLER/span_CANADA")): Object 'Object Repository/KSD/Page_Find a KOHLER Store  Studio KOHLER/Page_Find a KOHLER Store  Studio KOHLER/span_CANADA' is visible

2023-06-29 19:24:56 - [MESSAGE][PASSED] - Object 'Object Repository/KSD/Page_Find a KOHLER Store  Studio KOHLER/Page_Find a KOHLER Store  Studio KOHLER/span_CANADA' is visible

2023-06-29 19:24:56 - [TEST_STEP][PASSED] - closeBrowser(): Browser is closed

2023-06-29 19:24:56 - [MESSAGE][PASSED] - Browser is closed]]></system-out>
         <system-err><![CDATA[]]></system-err>
      </testcase>
      <testcase name="Test Cases/KDS/TC_17_Find_Store_SINGAPORE_Location" time="165.593" classname="Test Cases/KDS/TC_17_Find_Store_SINGAPORE_Location" status="PASSED">
         <system-out><![CDATA[2023-06-29 19:24:56 - [TEST_CASE][PASSED] - Test Cases/KDS/TC_17_Find_Store_SINGAPORE_Location: Test Cases/KDS/TC_17_Find_Store_SINGAPORE_Location

2023-06-29 19:24:57 - [TEST_STEP][PASSED] - openBrowser(""): Browser is opened with url: ''

2023-06-29 19:24:57 - [MESSAGE][INFO] - Starting 'Chrome' driver

2023-06-29 19:24:57 - [MESSAGE][INFO] - Action delay is set to 0 milliseconds

2023-06-29 19:25:03 - [MESSAGE][PASSED] - Browser is opened with url: ''

2023-06-29 19:25:03 - [TEST_STEP][PASSED] - navigateToUrl("https://www.studiokohler.com/en-us/faqs"): Navigate to 'https://www.studiokohler.com/en-us/faqs' successfully

2023-06-29 19:26:12 - [MESSAGE][PASSED] - Navigate to 'https://www.studiokohler.com/en-us/faqs' successfully

2023-06-29 19:26:12 - [TEST_STEP][PASSED] - maximizeWindow(): Current window maximized

2023-06-29 19:26:24 - [MESSAGE][PASSED] - Current window maximized

2023-06-29 19:26:24 - [TEST_STEP][PASSED] - click(findTestObject("Object Repository/KSD/Page_Product FAQs/button_Accept All Cookies")): Object: 'Object Repository/KSD/Page_Product FAQs/button_Accept All Cookies' is clicked on

2023-06-29 19:26:31 - [MESSAGE][PASSED] - Object: 'Object Repository/KSD/Page_Product FAQs/button_Accept All Cookies' is clicked on

2023-06-29 19:26:31 - [TEST_STEP][PASSED] - click(findTestObject("Object Repository/KSD/Page_Product FAQs/i_OK_fal fa-map-marker-alt")): Object: 'Object Repository/KSD/Page_Product FAQs/i_OK_fal fa-map-marker-alt' is clicked on

2023-06-29 19:27:31 - [MESSAGE][PASSED] - Object: 'Object Repository/KSD/Page_Product FAQs/i_OK_fal fa-map-marker-alt' is clicked on

2023-06-29 19:27:31 - [TEST_STEP][PASSED] - click(findTestObject("Object Repository/KSD/Page_Find a KOHLER Store  Studio KOHLER/a_SINGAPORE")): Object: 'Object Repository/KSD/Page_Find a KOHLER Store  Studio KOHLER/a_SINGAPORE' is clicked on

2023-06-29 19:27:40 - [MESSAGE][PASSED] - Object: 'Object Repository/KSD/Page_Find a KOHLER Store  Studio KOHLER/a_SINGAPORE' is clicked on

2023-06-29 19:27:40 - [TEST_STEP][PASSED] - verifyElementVisible(findTestObject("Object Repository/KSD/Page_Find a KOHLER Store  Studio KOHLER/span_SINGAPORE")): Object 'Object Repository/KSD/Page_Find a KOHLER Store  Studio KOHLER/span_SINGAPORE' is visible

2023-06-29 19:27:42 - [MESSAGE][PASSED] - Object 'Object Repository/KSD/Page_Find a KOHLER Store  Studio KOHLER/span_SINGAPORE' is visible

2023-06-29 19:27:42 - [TEST_STEP][PASSED] - closeBrowser(): Browser is closed

2023-06-29 19:27:42 - [MESSAGE][PASSED] - Browser is closed]]></system-out>
         <system-err><![CDATA[]]></system-err>
      </testcase>
      <testcase name="Test Cases/KDS/TC_18_Find_Store_CHINA_Location" time="146.478" classname="Test Cases/KDS/TC_18_Find_Store_CHINA_Location" status="PASSED">
         <system-out><![CDATA[2023-06-29 19:27:42 - [TEST_CASE][PASSED] - Test Cases/KDS/TC_18_Find_Store_CHINA_Location: Test Cases/KDS/TC_18_Find_Store_CHINA_Location

2023-06-29 19:27:42 - [TEST_STEP][PASSED] - openBrowser(""): Browser is opened with url: ''

2023-06-29 19:27:42 - [MESSAGE][INFO] - Starting 'Chrome' driver

2023-06-29 19:27:42 - [MESSAGE][INFO] - Action delay is set to 0 milliseconds

2023-06-29 19:27:48 - [MESSAGE][PASSED] - Browser is opened with url: ''

2023-06-29 19:27:48 - [TEST_STEP][PASSED] - navigateToUrl("https://www.studiokohler.com/en-us/faqs"): Navigate to 'https://www.studiokohler.com/en-us/faqs' successfully

2023-06-29 19:28:49 - [MESSAGE][PASSED] - Navigate to 'https://www.studiokohler.com/en-us/faqs' successfully

2023-06-29 19:28:49 - [TEST_STEP][PASSED] - maximizeWindow(): Current window maximized

2023-06-29 19:28:56 - [MESSAGE][PASSED] - Current window maximized

2023-06-29 19:28:56 - [TEST_STEP][PASSED] - click(findTestObject("Object Repository/KSD/Page_Product FAQs/button_Accept All Cookies")): Object: 'Object Repository/KSD/Page_Product FAQs/button_Accept All Cookies' is clicked on

2023-06-29 19:29:00 - [MESSAGE][PASSED] - Object: 'Object Repository/KSD/Page_Product FAQs/button_Accept All Cookies' is clicked on

2023-06-29 19:29:00 - [TEST_STEP][PASSED] - click(findTestObject("Object Repository/KSD/Page_Product FAQs/i_OK_fal fa-map-marker-alt")): Object: 'Object Repository/KSD/Page_Product FAQs/i_OK_fal fa-map-marker-alt' is clicked on

2023-06-29 19:29:57 - [MESSAGE][PASSED] - Object: 'Object Repository/KSD/Page_Product FAQs/i_OK_fal fa-map-marker-alt' is clicked on

2023-06-29 19:29:57 - [TEST_STEP][PASSED] - click(findTestObject("Object Repository/KSD/Page_Find a KOHLER Store  Studio KOHLER/a_CHINA")): Object: 'Object Repository/KSD/Page_Find a KOHLER Store  Studio KOHLER/a_CHINA' is clicked on

2023-06-29 19:30:06 - [MESSAGE][PASSED] - Object: 'Object Repository/KSD/Page_Find a KOHLER Store  Studio KOHLER/a_CHINA' is clicked on

2023-06-29 19:30:06 - [TEST_STEP][PASSED] - verifyElementVisible(findTestObject("Object Repository/KSD/Page_Find a KOHLER Store  Studio KOHLER/span_CHINA")): Object 'Object Repository/KSD/Page_Find a KOHLER Store  Studio KOHLER/span_CHINA' is visible

2023-06-29 19:30:08 - [MESSAGE][PASSED] - Object 'Object Repository/KSD/Page_Find a KOHLER Store  Studio KOHLER/span_CHINA' is visible

2023-06-29 19:30:08 - [TEST_STEP][PASSED] - closeBrowser(): Browser is closed

2023-06-29 19:30:08 - [MESSAGE][PASSED] - Browser is closed]]></system-out>
         <system-err><![CDATA[]]></system-err>
      </testcase>
      <testcase name="Test Cases/KDS/TC_19_Find_Store_INDIA_Location" time="148.674" classname="Test Cases/KDS/TC_19_Find_Store_INDIA_Location" status="PASSED">
         <system-out><![CDATA[2023-06-29 19:30:08 - [TEST_CASE][PASSED] - Test Cases/KDS/TC_19_Find_Store_INDIA_Location: Test Cases/KDS/TC_19_Find_Store_INDIA_Location

2023-06-29 19:30:09 - [TEST_STEP][PASSED] - openBrowser(""): Browser is opened with url: ''

2023-06-29 19:30:09 - [MESSAGE][INFO] - Starting 'Chrome' driver

2023-06-29 19:30:09 - [MESSAGE][INFO] - Action delay is set to 0 milliseconds

2023-06-29 19:30:15 - [MESSAGE][PASSED] - Browser is opened with url: ''

2023-06-29 19:30:15 - [TEST_STEP][PASSED] - navigateToUrl("https://www.studiokohler.com/en-us/faqs"): Navigate to 'https://www.studiokohler.com/en-us/faqs' successfully

2023-06-29 19:31:24 - [MESSAGE][PASSED] - Navigate to 'https://www.studiokohler.com/en-us/faqs' successfully

2023-06-29 19:31:24 - [TEST_STEP][PASSED] - maximizeWindow(): Current window maximized

2023-06-29 19:31:25 - [MESSAGE][PASSED] - Current window maximized

2023-06-29 19:31:25 - [TEST_STEP][PASSED] - click(findTestObject("Object Repository/KSD/Page_Product FAQs/button_Accept All Cookies")): Object: 'Object Repository/KSD/Page_Product FAQs/button_Accept All Cookies' is clicked on

2023-06-29 19:31:32 - [MESSAGE][PASSED] - Object: 'Object Repository/KSD/Page_Product FAQs/button_Accept All Cookies' is clicked on

2023-06-29 19:31:32 - [TEST_STEP][PASSED] - click(findTestObject("Object Repository/KSD/Page_Product FAQs/i_OK_fal fa-map-marker-alt")): Object: 'Object Repository/KSD/Page_Product FAQs/i_OK_fal fa-map-marker-alt' is clicked on

2023-06-29 19:32:28 - [MESSAGE][PASSED] - Object: 'Object Repository/KSD/Page_Product FAQs/i_OK_fal fa-map-marker-alt' is clicked on

2023-06-29 19:32:28 - [TEST_STEP][PASSED] - click(findTestObject("Object Repository/KSD/Page_Find a KOHLER Store  Studio KOHLER/a_INDIA")): Object: 'Object Repository/KSD/Page_Find a KOHLER Store  Studio KOHLER/a_INDIA' is clicked on

2023-06-29 19:32:35 - [MESSAGE][PASSED] - Object: 'Object Repository/KSD/Page_Find a KOHLER Store  Studio KOHLER/a_INDIA' is clicked on

2023-06-29 19:32:35 - [TEST_STEP][PASSED] - verifyElementVisible(findTestObject("Object Repository/KSD/Page_Find a KOHLER Store  Studio KOHLER/span_INDIA")): Object 'Object Repository/KSD/Page_Find a KOHLER Store  Studio KOHLER/span_INDIA' is visible

2023-06-29 19:32:37 - [MESSAGE][PASSED] - Object 'Object Repository/KSD/Page_Find a KOHLER Store  Studio KOHLER/span_INDIA' is visible]]></system-out>
         <system-err><![CDATA[]]></system-err>
      </testcase>
      <testcase name="Test Cases/KDS/TC_20_Find_Store_PANAMA_Location" time="158.841" classname="Test Cases/KDS/TC_20_Find_Store_PANAMA_Location" status="PASSED">
         <system-out><![CDATA[2023-06-29 19:32:37 - [TEST_CASE][PASSED] - Test Cases/KDS/TC_20_Find_Store_PANAMA_Location: Test Cases/KDS/TC_20_Find_Store_PANAMA_Location

2023-06-29 19:32:37 - [TEST_STEP][PASSED] - openBrowser(""): Browser is opened with url: ''

2023-06-29 19:32:38 - [MESSAGE][WARNING] - A browser is already opened. Closing browser and opening a new one

2023-06-29 19:32:38 - [MESSAGE][INFO] - Starting 'Chrome' driver

2023-06-29 19:32:38 - [MESSAGE][INFO] - Action delay is set to 0 milliseconds

2023-06-29 19:32:44 - [MESSAGE][PASSED] - Browser is opened with url: ''

2023-06-29 19:32:44 - [TEST_STEP][PASSED] - navigateToUrl("https://www.studiokohler.com/en-us/faqs"): Navigate to 'https://www.studiokohler.com/en-us/faqs' successfully

2023-06-29 19:33:51 - [MESSAGE][PASSED] - Navigate to 'https://www.studiokohler.com/en-us/faqs' successfully

2023-06-29 19:33:51 - [TEST_STEP][PASSED] - maximizeWindow(): Current window maximized

2023-06-29 19:33:59 - [MESSAGE][PASSED] - Current window maximized

2023-06-29 19:33:59 - [TEST_STEP][PASSED] - click(findTestObject("Object Repository/KSD/Page_Product FAQs/button_Accept All Cookies")): Object: 'Object Repository/KSD/Page_Product FAQs/button_Accept All Cookies' is clicked on

2023-06-29 19:34:06 - [MESSAGE][PASSED] - Object: 'Object Repository/KSD/Page_Product FAQs/button_Accept All Cookies' is clicked on

2023-06-29 19:34:06 - [TEST_STEP][PASSED] - click(findTestObject("Object Repository/KSD/Page_Product FAQs/i_OK_fal fa-map-marker-alt")): Object: 'Object Repository/KSD/Page_Product FAQs/i_OK_fal fa-map-marker-alt' is clicked on

2023-06-29 19:35:08 - [MESSAGE][PASSED] - Object: 'Object Repository/KSD/Page_Product FAQs/i_OK_fal fa-map-marker-alt' is clicked on

2023-06-29 19:35:08 - [TEST_STEP][PASSED] - click(findTestObject("Object Repository/KSD/Page_Find a KOHLER Store  Studio KOHLER/a_PANAMA")): Object: 'Object Repository/KSD/Page_Find a KOHLER Store  Studio KOHLER/a_PANAMA' is clicked on

2023-06-29 19:35:12 - [MESSAGE][PASSED] - Object: 'Object Repository/KSD/Page_Find a KOHLER Store  Studio KOHLER/a_PANAMA' is clicked on

2023-06-29 19:35:12 - [TEST_STEP][PASSED] - verifyElementVisible(findTestObject("Object Repository/KSD/Page_Find a KOHLER Store  Studio KOHLER/span_PANAMA")): Object 'Object Repository/KSD/Page_Find a KOHLER Store  Studio KOHLER/span_PANAMA' is visible

2023-06-29 19:35:16 - [MESSAGE][PASSED] - Object 'Object Repository/KSD/Page_Find a KOHLER Store  Studio KOHLER/span_PANAMA' is visible]]></system-out>
         <system-err><![CDATA[]]></system-err>
      </testcase>
      <testcase name="Test Cases/KDS/TC_21_Find_Store_TAIWAN_Location" time="146.536" classname="Test Cases/KDS/TC_21_Find_Store_TAIWAN_Location" status="PASSED">
         <system-out><![CDATA[2023-06-29 19:35:16 - [TEST_CASE][PASSED] - Test Cases/KDS/TC_21_Find_Store_TAIWAN_Location: Test Cases/KDS/TC_21_Find_Store_TAIWAN_Location

2023-06-29 19:35:16 - [TEST_STEP][PASSED] - openBrowser(""): Browser is opened with url: ''

2023-06-29 19:35:16 - [MESSAGE][WARNING] - A browser is already opened. Closing browser and opening a new one

2023-06-29 19:35:17 - [MESSAGE][INFO] - Starting 'Chrome' driver

2023-06-29 19:35:17 - [MESSAGE][INFO] - Action delay is set to 0 milliseconds

2023-06-29 19:35:22 - [MESSAGE][PASSED] - Browser is opened with url: ''

2023-06-29 19:35:22 - [TEST_STEP][PASSED] - navigateToUrl("https://www.studiokohler.com/en-us/faqs"): Navigate to 'https://www.studiokohler.com/en-us/faqs' successfully

2023-06-29 19:36:31 - [MESSAGE][PASSED] - Navigate to 'https://www.studiokohler.com/en-us/faqs' successfully

2023-06-29 19:36:31 - [TEST_STEP][PASSED] - maximizeWindow(): Current window maximized

2023-06-29 19:36:32 - [MESSAGE][PASSED] - Current window maximized

2023-06-29 19:36:32 - [TEST_STEP][PASSED] - click(findTestObject("Object Repository/KSD/Page_Product FAQs/button_Accept All Cookies")): Object: 'Object Repository/KSD/Page_Product FAQs/button_Accept All Cookies' is clicked on

2023-06-29 19:36:36 - [MESSAGE][PASSED] - Object: 'Object Repository/KSD/Page_Product FAQs/button_Accept All Cookies' is clicked on

2023-06-29 19:36:36 - [TEST_STEP][PASSED] - click(findTestObject("Object Repository/KSD/Page_Product FAQs/i_OK_fal fa-map-marker-alt")): Object: 'Object Repository/KSD/Page_Product FAQs/i_OK_fal fa-map-marker-alt' is clicked on

2023-06-29 19:37:34 - [MESSAGE][PASSED] - Object: 'Object Repository/KSD/Page_Product FAQs/i_OK_fal fa-map-marker-alt' is clicked on

2023-06-29 19:37:34 - [TEST_STEP][PASSED] - click(findTestObject("Object Repository/KSD/Page_Find a KOHLER Store  Studio KOHLER/a_TAIWAN")): Object: 'Object Repository/KSD/Page_Find a KOHLER Store  Studio KOHLER/a_TAIWAN' is clicked on

2023-06-29 19:37:39 - [MESSAGE][PASSED] - Object: 'Object Repository/KSD/Page_Find a KOHLER Store  Studio KOHLER/a_TAIWAN' is clicked on

2023-06-29 19:37:39 - [TEST_STEP][PASSED] - verifyElementVisible(findTestObject("Object Repository/KSD/Page_Find a KOHLER Store  Studio KOHLER/span_TAIWAN")): Object 'Object Repository/KSD/Page_Find a KOHLER Store  Studio KOHLER/span_TAIWAN' is visible

2023-06-29 19:37:43 - [MESSAGE][PASSED] - Object 'Object Repository/KSD/Page_Find a KOHLER Store  Studio KOHLER/span_TAIWAN' is visible]]></system-out>
         <system-err><![CDATA[]]></system-err>
      </testcase>
      <testcase name="Test Cases/KDS/TC_22_Find_Store_THAILAND_Location" time="145.249" classname="Test Cases/KDS/TC_22_Find_Store_THAILAND_Location" status="PASSED">
         <system-out><![CDATA[2023-06-29 19:37:43 - [TEST_CASE][PASSED] - Test Cases/KDS/TC_22_Find_Store_THAILAND_Location: Test Cases/KDS/TC_22_Find_Store_THAILAND_Location

2023-06-29 19:37:43 - [TEST_STEP][PASSED] - openBrowser(""): Browser is opened with url: ''

2023-06-29 19:37:43 - [MESSAGE][WARNING] - A browser is already opened. Closing browser and opening a new one

2023-06-29 19:37:43 - [MESSAGE][INFO] - Starting 'Chrome' driver

2023-06-29 19:37:43 - [MESSAGE][INFO] - Action delay is set to 0 milliseconds

2023-06-29 19:37:49 - [MESSAGE][PASSED] - Browser is opened with url: ''

2023-06-29 19:37:49 - [TEST_STEP][PASSED] - navigateToUrl("https://www.studiokohler.com/en-us/faqs"): Navigate to 'https://www.studiokohler.com/en-us/faqs' successfully

2023-06-29 19:38:57 - [MESSAGE][PASSED] - Navigate to 'https://www.studiokohler.com/en-us/faqs' successfully

2023-06-29 19:38:57 - [TEST_STEP][PASSED] - maximizeWindow(): Current window maximized

2023-06-29 19:38:59 - [MESSAGE][PASSED] - Current window maximized

2023-06-29 19:38:59 - [TEST_STEP][PASSED] - click(findTestObject("Object Repository/KSD/Page_Product FAQs/button_Accept All Cookies")): Object: 'Object Repository/KSD/Page_Product FAQs/button_Accept All Cookies' is clicked on

2023-06-29 19:39:04 - [MESSAGE][PASSED] - Object: 'Object Repository/KSD/Page_Product FAQs/button_Accept All Cookies' is clicked on

2023-06-29 19:39:04 - [TEST_STEP][PASSED] - click(findTestObject("Object Repository/KSD/Page_Product FAQs/i_OK_fal fa-map-marker-alt")): Object: 'Object Repository/KSD/Page_Product FAQs/i_OK_fal fa-map-marker-alt' is clicked on

2023-06-29 19:39:57 - [MESSAGE][PASSED] - Object: 'Object Repository/KSD/Page_Product FAQs/i_OK_fal fa-map-marker-alt' is clicked on

2023-06-29 19:39:57 - [TEST_STEP][PASSED] - click(findTestObject("Object Repository/KSD/Page_Find a KOHLER Store  Studio KOHLER/li_THAILAND")): Object: 'Object Repository/KSD/Page_Find a KOHLER Store  Studio KOHLER/li_THAILAND' is clicked on

2023-06-29 19:40:05 - [MESSAGE][PASSED] - Object: 'Object Repository/KSD/Page_Find a KOHLER Store  Studio KOHLER/li_THAILAND' is clicked on

2023-06-29 19:40:05 - [TEST_STEP][PASSED] - verifyElementVisible(findTestObject("Object Repository/KSD/Page_Find a KOHLER Store  Studio KOHLER/span_THAILAND")): Object 'Object Repository/KSD/Page_Find a KOHLER Store  Studio KOHLER/span_THAILAND' is visible

2023-06-29 19:40:08 - [MESSAGE][PASSED] - Object 'Object Repository/KSD/Page_Find a KOHLER Store  Studio KOHLER/span_THAILAND' is visible]]></system-out>
         <system-err><![CDATA[]]></system-err>
      </testcase>
      <testcase name="Test Cases/KDS/TC_23_Find_Store_UNITED_KINGDOM_Location" time="147.38" classname="Test Cases/KDS/TC_23_Find_Store_UNITED_KINGDOM_Location" status="PASSED">
         <system-out><![CDATA[2023-06-29 19:40:08 - [TEST_CASE][PASSED] - Test Cases/KDS/TC_23_Find_Store_UNITED_KINGDOM_Location: Test Cases/KDS/TC_23_Find_Store_UNITED_KINGDOM_Location

2023-06-29 19:40:08 - [TEST_STEP][PASSED] - openBrowser(""): Browser is opened with url: ''

2023-06-29 19:40:08 - [MESSAGE][WARNING] - A browser is already opened. Closing browser and opening a new one

2023-06-29 19:40:08 - [MESSAGE][INFO] - Starting 'Chrome' driver

2023-06-29 19:40:08 - [MESSAGE][INFO] - Action delay is set to 0 milliseconds

2023-06-29 19:40:14 - [MESSAGE][PASSED] - Browser is opened with url: ''

2023-06-29 19:40:14 - [TEST_STEP][PASSED] - navigateToUrl("https://www.studiokohler.com/en-us/faqs"): Navigate to 'https://www.studiokohler.com/en-us/faqs' successfully

2023-06-29 19:41:16 - [MESSAGE][PASSED] - Navigate to 'https://www.studiokohler.com/en-us/faqs' successfully

2023-06-29 19:41:16 - [TEST_STEP][PASSED] - maximizeWindow(): Current window maximized

2023-06-29 19:41:24 - [MESSAGE][PASSED] - Current window maximized

2023-06-29 19:41:24 - [TEST_STEP][PASSED] - click(findTestObject("Object Repository/KSD/Page_Product FAQs/button_Accept All Cookies")): Object: 'Object Repository/KSD/Page_Product FAQs/button_Accept All Cookies' is clicked on

2023-06-29 19:41:28 - [MESSAGE][PASSED] - Object: 'Object Repository/KSD/Page_Product FAQs/button_Accept All Cookies' is clicked on

2023-06-29 19:41:28 - [TEST_STEP][PASSED] - click(findTestObject("Object Repository/KSD/Page_Product FAQs/i_OK_fal fa-map-marker-alt")): Object: 'Object Repository/KSD/Page_Product FAQs/i_OK_fal fa-map-marker-alt' is clicked on

2023-06-29 19:42:25 - [MESSAGE][PASSED] - Object: 'Object Repository/KSD/Page_Product FAQs/i_OK_fal fa-map-marker-alt' is clicked on

2023-06-29 19:42:25 - [TEST_STEP][PASSED] - click(findTestObject("Object Repository/KSD/Page_Find a KOHLER Store  Studio KOHLER/a_UNITED KINGDOM")): Object: 'Object Repository/KSD/Page_Find a KOHLER Store  Studio KOHLER/a_UNITED KINGDOM' is clicked on

2023-06-29 19:42:32 - [MESSAGE][PASSED] - Object: 'Object Repository/KSD/Page_Find a KOHLER Store  Studio KOHLER/a_UNITED KINGDOM' is clicked on

2023-06-29 19:42:32 - [TEST_STEP][PASSED] - verifyElementVisible(findTestObject("Object Repository/KSD/Page_Find a KOHLER Store  Studio KOHLER/span_UNITED KINGDOM")): Object 'Object Repository/KSD/Page_Find a KOHLER Store  Studio KOHLER/span_UNITED KINGDOM' is visible

2023-06-29 19:42:35 - [MESSAGE][PASSED] - Object 'Object Repository/KSD/Page_Find a KOHLER Store  Studio KOHLER/span_UNITED KINGDOM' is visible]]></system-out>
         <system-err><![CDATA[]]></system-err>
      </testcase>
      <testcase name="Test Cases/KDS/TC_24_Find_Store_UNITED_STATES_Location" time="162.715" classname="Test Cases/KDS/TC_24_Find_Store_UNITED_STATES_Location" status="PASSED">
         <system-out><![CDATA[2023-06-29 19:42:35 - [TEST_CASE][PASSED] - Test Cases/KDS/TC_24_Find_Store_UNITED_STATES_Location: Test Cases/KDS/TC_24_Find_Store_UNITED_STATES_Location

2023-06-29 19:42:36 - [TEST_STEP][PASSED] - openBrowser(""): Browser is opened with url: ''

2023-06-29 19:42:36 - [MESSAGE][WARNING] - A browser is already opened. Closing browser and opening a new one

2023-06-29 19:42:36 - [MESSAGE][INFO] - Starting 'Chrome' driver

2023-06-29 19:42:36 - [MESSAGE][INFO] - Action delay is set to 0 milliseconds

2023-06-29 19:42:42 - [MESSAGE][PASSED] - Browser is opened with url: ''

2023-06-29 19:42:42 - [TEST_STEP][PASSED] - navigateToUrl("https://www.studiokohler.com/en-us/faqs"): Navigate to 'https://www.studiokohler.com/en-us/faqs' successfully

2023-06-29 19:44:00 - [MESSAGE][PASSED] - Navigate to 'https://www.studiokohler.com/en-us/faqs' successfully

2023-06-29 19:44:00 - [TEST_STEP][PASSED] - maximizeWindow(): Current window maximized

2023-06-29 19:44:03 - [MESSAGE][PASSED] - Current window maximized

2023-06-29 19:44:03 - [TEST_STEP][PASSED] - click(findTestObject("Object Repository/KSD/Page_Product FAQs/button_Accept All Cookies")): Object: 'Object Repository/KSD/Page_Product FAQs/button_Accept All Cookies' is clicked on

2023-06-29 19:44:09 - [MESSAGE][PASSED] - Object: 'Object Repository/KSD/Page_Product FAQs/button_Accept All Cookies' is clicked on

2023-06-29 19:44:09 - [TEST_STEP][PASSED] - click(findTestObject("Object Repository/KSD/Page_Product FAQs/i_OK_fal fa-map-marker-alt")): Object: 'Object Repository/KSD/Page_Product FAQs/i_OK_fal fa-map-marker-alt' is clicked on

2023-06-29 19:45:03 - [MESSAGE][PASSED] - Object: 'Object Repository/KSD/Page_Product FAQs/i_OK_fal fa-map-marker-alt' is clicked on

2023-06-29 19:45:03 - [TEST_STEP][PASSED] - click(findTestObject("Object Repository/KSD/Page_Find a KOHLER Store  Studio KOHLER/a_UNITED STATES")): Object: 'Object Repository/KSD/Page_Find a KOHLER Store  Studio KOHLER/a_UNITED STATES' is clicked on

2023-06-29 19:45:12 - [MESSAGE][PASSED] - Object: 'Object Repository/KSD/Page_Find a KOHLER Store  Studio KOHLER/a_UNITED STATES' is clicked on

2023-06-29 19:45:12 - [TEST_STEP][PASSED] - click(findTestObject("Object Repository/KSD/Page_Find a KOHLER Store  Studio KOHLER/span_UNITED STATES")): Object: 'Object Repository/KSD/Page_Find a KOHLER Store  Studio KOHLER/span_UNITED STATES' is clicked on

2023-06-29 19:45:17 - [MESSAGE][PASSED] - Object: 'Object Repository/KSD/Page_Find a KOHLER Store  Studio KOHLER/span_UNITED STATES' is clicked on

2023-06-29 19:45:17 - [TEST_STEP][PASSED] - verifyElementVisible(findTestObject("Object Repository/KSD/Page_Find a KOHLER Store  Studio KOHLER/span_UNITED STATES")): Object 'Object Repository/KSD/Page_Find a KOHLER Store  Studio KOHLER/span_UNITED STATES' is visible

2023-06-29 19:45:18 - [MESSAGE][PASSED] - Object 'Object Repository/KSD/Page_Find a KOHLER Store  Studio KOHLER/span_UNITED STATES' is visible]]></system-out>
         <system-err><![CDATA[]]></system-err>
      </testcase>
      <system-out><![CDATA[2023-06-29 19:17:50 - [TEST_SUITE][PASSED] - KDS_Test_Suite: Test Cases/KDS/TC_24_Find_Store_UNITED_STATES_Location]]></system-out>
      <system-err><![CDATA[]]></system-err>
   </testsuite>
</testsuites>
