<?xml version="1.0" encoding="UTF-8"?>
<testsuites name="BookAppoinment" time="41.373" tests="2" failures="0" errors="0">
   <testsuite name="BookAppoinment" tests="2" failures="0" errors="0" time="41.373" skipped="0" timestamp="2023-06-22 00:23:02" hostname="bhushan - 192.168.1.13" id="Test Suites/BookAppoinment">
      <properties>
         <property name="deviceName" value=""/>
         <property name="devicePlatform" value=""/>
         <property name="logFolder" value="/Users/bhushan/git/katalon/Reports/20230622_002258/BookAppoinment/20230622_002258"/>
         <property name="logFiles" value="/Users/bhushan/git/katalon/Reports/20230622_002258/BookAppoinment/20230622_002258/execution0.log"/>
         <property name="attachments" value=""/>
         <property name="hostName" value="bhushan - 192.168.1.13"/>
         <property name="os" value="Mac OS X 64bit"/>
         <property name="katalonVersion" value="8.4.1.208"/>
         <property name="browser" value="Chrome 114.0.0.0"/>
         <property name="hostAddress" value="192.168.1.13"/>
         <property name="sessionId" value="684a2129ce1a169261c40135a5a82ced"/>
         <property name="seleniumVersion" value="3.141.59"/>
         <property name="proxyInformation" value="ProxyInformation { proxyOption=NO_PROXY, proxyServerType=HTTP, username=, password=********, proxyServerAddress=, proxyServerPort=0, executionList=&quot;&quot;, isApplyToDesiredCapabilities=true }"/>
         <property name="platform" value="Mac OS X"/>
      </properties>
      <testcase name="Test Cases/TC_01_Login" time="19.771" classname="Test Cases/TC_01_Login" status="PASSED">
         <system-out><![CDATA[2023-06-22 00:23:02 - [TEST_CASE][PASSED] - Test Cases/TC_01_Login: Test Cases/TC_01_Login

2023-06-22 00:23:03 - [TEST_STEP][PASSED] - openBrowser(""): Browser is opened with url: ''

2023-06-22 00:23:03 - [MESSAGE][INFO] - Starting 'Chrome' driver

2023-06-22 00:23:03 - [MESSAGE][INFO] - Action delay is set to 0 milliseconds

2023-06-22 00:23:13 - [MESSAGE][PASSED] - Browser is opened with url: ''

2023-06-22 00:23:13 - [TEST_STEP][PASSED] - navigateToUrl("https://katalon-demo-cura.herokuapp.com/"): Navigate to 'https://katalon-demo-cura.herokuapp.com/' successfully

2023-06-22 00:23:16 - [MESSAGE][PASSED] - Navigate to 'https://katalon-demo-cura.herokuapp.com/' successfully

2023-06-22 00:23:16 - [TEST_STEP][PASSED] - click(findTestObject("Object Repository/Page_CURA Healthcare Service/a_Make Appointment")): Object: 'Object Repository/Page_CURA Healthcare Service/a_Make Appointment' is clicked on

2023-06-22 00:23:18 - [MESSAGE][PASSED] - Object: 'Object Repository/Page_CURA Healthcare Service/a_Make Appointment' is clicked on

2023-06-22 00:23:18 - [TEST_STEP][PASSED] - setText(findTestObject("Object Repository/Page_CURA Healthcare Service/input_Username_username"), "John Doe"): Text 'John Doe' is set on object 'Object Repository/Page_CURA Healthcare Service/input_Username_username'

2023-06-22 00:23:19 - [MESSAGE][PASSED] - Text 'John Doe' is set on object 'Object Repository/Page_CURA Healthcare Service/input_Username_username'

2023-06-22 00:23:19 - [TEST_STEP][PASSED] - setEncryptedText(findTestObject("Object Repository/Page_CURA Healthcare Service/input_Password_password"), "g3/DOGG74jC3Flrr3yH+3D/yKbOqqUNM"): Text ****** has been set on object 'Object Repository/Page_CURA Healthcare Service/input_Password_password'

2023-06-22 00:23:20 - [MESSAGE][PASSED] - Text ****** has been set on object 'Object Repository/Page_CURA Healthcare Service/input_Password_password'

2023-06-22 00:23:20 - [TEST_STEP][PASSED] - click(findTestObject("Object Repository/Page_CURA Healthcare Service/button_Login")): Object: 'Object Repository/Page_CURA Healthcare Service/button_Login' is clicked on

2023-06-22 00:23:21 - [MESSAGE][PASSED] - Object: 'Object Repository/Page_CURA Healthcare Service/button_Login' is clicked on

2023-06-22 00:23:21 - [TEST_STEP][PASSED] - click(findTestObject("Object Repository/Page_CURA Healthcare Service/h2_Make Appointment")): Object: 'Object Repository/Page_CURA Healthcare Service/h2_Make Appointment' is clicked on

2023-06-22 00:23:22 - [MESSAGE][PASSED] - Object: 'Object Repository/Page_CURA Healthcare Service/h2_Make Appointment' is clicked on

2023-06-22 00:23:22 - [TEST_STEP][PASSED] - verifyElementVisible(findTestObject("Object Repository/Page_CURA Healthcare Service/h2_Make Appointment")): Object 'Object Repository/Page_CURA Healthcare Service/h2_Make Appointment' is visible

2023-06-22 00:23:22 - [MESSAGE][PASSED] - Object 'Object Repository/Page_CURA Healthcare Service/h2_Make Appointment' is visible]]></system-out>
         <system-err><![CDATA[]]></system-err>
      </testcase>
      <testcase name="Test Cases/TC_02_Book_Appoinment" time="21.22" classname="Test Cases/TC_02_Book_Appoinment" status="PASSED">
         <system-out><![CDATA[2023-06-22 00:23:22 - [TEST_CASE][PASSED] - Test Cases/TC_02_Book_Appoinment: Test Cases/TC_02_Book_Appoinment

2023-06-22 00:23:22 - [TEST_STEP][PASSED] - callTestCase(findTestCase("TC_01_Login"), [:], STOP_ON_FAILURE): Call Test Case 'Test Cases/TC_01_Login' successfully

2023-06-22 00:23:22 - [TEST_CASE][PASSED] - Test Cases/TC_01_Login: Test Cases/TC_01_Login

2023-06-22 00:23:22 - [TEST_STEP][PASSED] - openBrowser(""): Browser is opened with url: ''

2023-06-22 00:23:22 - [MESSAGE][WARNING] - A browser is already opened. Closing browser and opening a new one

2023-06-22 00:23:23 - [MESSAGE][INFO] - Starting 'Chrome' driver

2023-06-22 00:23:23 - [MESSAGE][INFO] - Action delay is set to 0 milliseconds

2023-06-22 00:23:29 - [MESSAGE][PASSED] - Browser is opened with url: ''

2023-06-22 00:23:29 - [TEST_STEP][PASSED] - navigateToUrl("https://katalon-demo-cura.herokuapp.com/"): Navigate to 'https://katalon-demo-cura.herokuapp.com/' successfully

2023-06-22 00:23:32 - [MESSAGE][PASSED] - Navigate to 'https://katalon-demo-cura.herokuapp.com/' successfully

2023-06-22 00:23:32 - [TEST_STEP][PASSED] - click(findTestObject("Object Repository/Page_CURA Healthcare Service/a_Make Appointment")): Object: 'Object Repository/Page_CURA Healthcare Service/a_Make Appointment' is clicked on

2023-06-22 00:23:33 - [MESSAGE][PASSED] - Object: 'Object Repository/Page_CURA Healthcare Service/a_Make Appointment' is clicked on

2023-06-22 00:23:33 - [TEST_STEP][PASSED] - setText(findTestObject("Object Repository/Page_CURA Healthcare Service/input_Username_username"), "John Doe"): Text 'John Doe' is set on object 'Object Repository/Page_CURA Healthcare Service/input_Username_username'

2023-06-22 00:23:34 - [MESSAGE][PASSED] - Text 'John Doe' is set on object 'Object Repository/Page_CURA Healthcare Service/input_Username_username'

2023-06-22 00:23:34 - [TEST_STEP][PASSED] - setEncryptedText(findTestObject("Object Repository/Page_CURA Healthcare Service/input_Password_password"), "g3/DOGG74jC3Flrr3yH+3D/yKbOqqUNM"): Text ****** has been set on object 'Object Repository/Page_CURA Healthcare Service/input_Password_password'

2023-06-22 00:23:35 - [MESSAGE][PASSED] - Text ****** has been set on object 'Object Repository/Page_CURA Healthcare Service/input_Password_password'

2023-06-22 00:23:35 - [TEST_STEP][PASSED] - click(findTestObject("Object Repository/Page_CURA Healthcare Service/button_Login")): Object: 'Object Repository/Page_CURA Healthcare Service/button_Login' is clicked on

2023-06-22 00:23:36 - [MESSAGE][PASSED] - Object: 'Object Repository/Page_CURA Healthcare Service/button_Login' is clicked on

2023-06-22 00:23:36 - [TEST_STEP][PASSED] - click(findTestObject("Object Repository/Page_CURA Healthcare Service/h2_Make Appointment")): Object: 'Object Repository/Page_CURA Healthcare Service/h2_Make Appointment' is clicked on

2023-06-22 00:23:37 - [MESSAGE][PASSED] - Object: 'Object Repository/Page_CURA Healthcare Service/h2_Make Appointment' is clicked on

2023-06-22 00:23:37 - [TEST_STEP][PASSED] - verifyElementVisible(findTestObject("Object Repository/Page_CURA Healthcare Service/h2_Make Appointment")): Object 'Object Repository/Page_CURA Healthcare Service/h2_Make Appointment' is visible

2023-06-22 00:23:37 - [MESSAGE][PASSED] - Object 'Object Repository/Page_CURA Healthcare Service/h2_Make Appointment' is visible

2023-06-22 00:23:37 - [MESSAGE][PASSED] - Call Test Case 'Test Cases/TC_01_Login' successfully

2023-06-22 00:23:37 - [TEST_STEP][PASSED] - selectOptionByValue(findTestObject("Object Repository/Page_CURA Healthcare Service/select_Tokyo CURA Healthcare Center        _5b4107"), "Hongkong CURA Healthcare Center", true): All options with value 'Hongkong CURA Healthcare Center' are selected in object 'Object Repository/Page_CURA Healthcare Service/select_Tokyo CURA Healthcare Center        _5b4107'  using regular expression

2023-06-22 00:23:38 - [MESSAGE][PASSED] - All options with value 'Hongkong CURA Healthcare Center' are selected in object 'Object Repository/Page_CURA Healthcare Service/select_Tokyo CURA Healthcare Center        _5b4107'  using regular expression

2023-06-22 00:23:38 - [TEST_STEP][PASSED] - click(findTestObject("Object Repository/Page_CURA Healthcare Service/input_Medicaid_programs")): Object: 'Object Repository/Page_CURA Healthcare Service/input_Medicaid_programs' is clicked on

2023-06-22 00:23:39 - [MESSAGE][PASSED] - Object: 'Object Repository/Page_CURA Healthcare Service/input_Medicaid_programs' is clicked on

2023-06-22 00:23:39 - [TEST_STEP][PASSED] - click(findTestObject("Object Repository/Page_CURA Healthcare Service/input_Visit Date (Required)_visit_date")): Object: 'Object Repository/Page_CURA Healthcare Service/input_Visit Date (Required)_visit_date' is clicked on

2023-06-22 00:23:40 - [MESSAGE][PASSED] - Object: 'Object Repository/Page_CURA Healthcare Service/input_Visit Date (Required)_visit_date' is clicked on

2023-06-22 00:23:40 - [TEST_STEP][PASSED] - click(findTestObject("Object Repository/Page_CURA Healthcare Service/td_21")): Object: 'Object Repository/Page_CURA Healthcare Service/td_21' is clicked on

2023-06-22 00:23:40 - [MESSAGE][PASSED] - Object: 'Object Repository/Page_CURA Healthcare Service/td_21' is clicked on

2023-06-22 00:23:40 - [TEST_STEP][PASSED] - setText(findTestObject("Object Repository/Page_CURA Healthcare Service/textarea_Comment_comment"), "Test Comment"): Text 'Test Comment' is set on object 'Object Repository/Page_CURA Healthcare Service/textarea_Comment_comment'

2023-06-22 00:23:42 - [MESSAGE][PASSED] - Text 'Test Comment' is set on object 'Object Repository/Page_CURA Healthcare Service/textarea_Comment_comment'

2023-06-22 00:23:42 - [TEST_STEP][PASSED] - click(findTestObject("Object Repository/Page_CURA Healthcare Service/button_Book Appointment")): Object: 'Object Repository/Page_CURA Healthcare Service/button_Book Appointment' is clicked on

2023-06-22 00:23:42 - [MESSAGE][PASSED] - Object: 'Object Repository/Page_CURA Healthcare Service/button_Book Appointment' is clicked on

2023-06-22 00:23:42 - [TEST_STEP][PASSED] - navigateToUrl("https://katalon-demo-cura.herokuapp.com/appointment.php#summary"): Navigate to 'https://katalon-demo-cura.herokuapp.com/appointment.php#summary' successfully

2023-06-22 00:23:43 - [MESSAGE][PASSED] - Navigate to 'https://katalon-demo-cura.herokuapp.com/appointment.php#summary' successfully

2023-06-22 00:23:43 - [TEST_STEP][PASSED] - click(findTestObject("Object Repository/Page_CURA Healthcare Service/h2_Appointment Confirmation")): Object: 'Object Repository/Page_CURA Healthcare Service/h2_Appointment Confirmation' is clicked on

2023-06-22 00:23:43 - [MESSAGE][PASSED] - Object: 'Object Repository/Page_CURA Healthcare Service/h2_Appointment Confirmation' is clicked on

2023-06-22 00:23:43 - [TEST_STEP][PASSED] - verifyElementVisible(findTestObject("Object Repository/Page_CURA Healthcare Service/h2_Appointment Confirmation")): Object 'Object Repository/Page_CURA Healthcare Service/h2_Appointment Confirmation' is visible

2023-06-22 00:23:43 - [MESSAGE][PASSED] - Object 'Object Repository/Page_CURA Healthcare Service/h2_Appointment Confirmation' is visible]]></system-out>
         <system-err><![CDATA[]]></system-err>
      </testcase>
      <system-out><![CDATA[2023-06-22 00:23:02 - [TEST_SUITE][PASSED] - BookAppoinment: Test Cases/TC_02_Book_Appoinment]]></system-out>
      <system-err><![CDATA[]]></system-err>
   </testsuite>
</testsuites>
