<?xml version="1.0" encoding="UTF-8"?>
<testsuites name="Test Collection 1-2" time="53.672" tests="4" failures="0" errors="0">
   <testsuite name="test Suite 2" tests="2" failures="0" errors="0" time="42.998" skipped="0" timestamp="2023-08-28 23:37:22" hostname="bhushan - 192.168.1.13" id="Test Suites/test Suite 2">
      <properties>
         <property name="deviceName" value=""/>
         <property name="devicePlatform" value=""/>
         <property name="logFolder" value="/Users/bhushan/git/katalon/Reports/20230828_233710/test Suite 2/20230828_233711"/>
         <property name="logFiles" value="/Users/bhushan/git/katalon/Reports/20230828_233710/test Suite 2/20230828_233711/execution0.log"/>
         <property name="attachments" value="keyes/keyes-Find a Store Canada Location.png, keyes/keyes-Find a store Panama Location.png"/>
         <property name="hostName" value="bhushan - 192.168.1.13"/>
         <property name="os" value="Mac OS X 64bit"/>
         <property name="katalonVersion" value="8.4.1.208"/>
         <property name="browser" value="Firefox 109.0"/>
         <property name="hostAddress" value="192.168.1.13"/>
         <property name="sessionId" value="f7a23270-2999-460a-bd94-2b025b459df5"/>
         <property name="seleniumVersion" value="3.141.59"/>
         <property name="proxyInformation" value="ProxyInformation { proxyOption=NO_PROXY, proxyServerType=HTTP, username=, password=********, proxyServerAddress=, proxyServerPort=0, executionList=&quot;&quot;, isApplyToDesiredCapabilities=true }"/>
         <property name="platform" value="Mac OS X"/>
      </properties>
      <testcase name="Test Cases/KDS_TC/TC_16_Find_Store_CANADA_Location" time="24.296" classname="Test Cases/KDS_TC/TC_16_Find_Store_CANADA_Location" status="PASSED">
         <system-out><![CDATA[2023-08-28 23:37:22 - [TEST_CASE][PASSED] - Test Cases/KDS_TC/TC_16_Find_Store_CANADA_Location: Test Cases/KDS_TC/TC_16_Find_Store_CANADA_Location

2023-08-28 23:37:23 - [TEST_STEP][PASSED] - openBrowser(""): Browser is opened with url: ''

2023-08-28 23:37:23 - [MESSAGE][INFO] - Starting 'Firefox' driver

2023-08-28 23:37:23 - [MESSAGE][INFO] - Action delay is set to 0 milliseconds

2023-08-28 23:37:27 - [MESSAGE][PASSED] - Browser is opened with url: ''

2023-08-28 23:37:27 - [TEST_STEP][PASSED] - navigateToUrl("https://www.studiokohler.com/en-us/faqs"): Navigate to 'https://www.studiokohler.com/en-us/faqs' successfully

2023-08-28 23:37:34 - [MESSAGE][PASSED] - Navigate to 'https://www.studiokohler.com/en-us/faqs' successfully

2023-08-28 23:37:34 - [TEST_STEP][PASSED] - maximizeWindow(): Current window maximized

2023-08-28 23:37:34 - [MESSAGE][PASSED] - Current window maximized

2023-08-28 23:37:34 - [TEST_STEP][PASSED] - click(findTestObject("Object Repository/KSD/Page_Find a KOHLER Store  Studio KOHLER/Page_Product FAQs/button_Accept All Cookies")): Object: 'Object Repository/KSD/Page_Find a KOHLER Store  Studio KOHLER/Page_Product FAQs/button_Accept All Cookies' is clicked on

2023-08-28 23:37:36 - [MESSAGE][PASSED] - Object: 'Object Repository/KSD/Page_Find a KOHLER Store  Studio KOHLER/Page_Product FAQs/button_Accept All Cookies' is clicked on

2023-08-28 23:37:36 - [TEST_STEP][PASSED] - click(findTestObject("Object Repository/KSD/Page_Find a KOHLER Store  Studio KOHLER/Page_Product FAQs/i_OK_fal fa-map-marker-alt")): Object: 'Object Repository/KSD/Page_Find a KOHLER Store  Studio KOHLER/Page_Product FAQs/i_OK_fal fa-map-marker-alt' is clicked on

2023-08-28 23:37:41 - [MESSAGE][PASSED] - Object: 'Object Repository/KSD/Page_Find a KOHLER Store  Studio KOHLER/Page_Product FAQs/i_OK_fal fa-map-marker-alt' is clicked on

2023-08-28 23:37:41 - [TEST_STEP][PASSED] - verifyElementVisible(findTestObject("Object Repository/KSD/Page_Find a KOHLER Store  Studio KOHLER/Page_Find a KOHLER Store  Studio KOHLER/h2_Select Store Location")): Object 'Object Repository/KSD/Page_Find a KOHLER Store  Studio KOHLER/Page_Find a KOHLER Store  Studio KOHLER/h2_Select Store Location' is visible

2023-08-28 23:37:42 - [MESSAGE][PASSED] - Object 'Object Repository/KSD/Page_Find a KOHLER Store  Studio KOHLER/Page_Find a KOHLER Store  Studio KOHLER/h2_Select Store Location' is visible

2023-08-28 23:37:42 - [TEST_STEP][PASSED] - click(findTestObject("Object Repository/KSD/Page_Find a KOHLER Store  Studio KOHLER/Page_Find a KOHLER Store  Studio KOHLER/a_CANADA")): Object: 'Object Repository/KSD/Page_Find a KOHLER Store  Studio KOHLER/Page_Find a KOHLER Store  Studio KOHLER/a_CANADA' is clicked on

2023-08-28 23:37:43 - [MESSAGE][PASSED] - Object: 'Object Repository/KSD/Page_Find a KOHLER Store  Studio KOHLER/Page_Find a KOHLER Store  Studio KOHLER/a_CANADA' is clicked on

2023-08-28 23:37:43 - [TEST_STEP][PASSED] - verifyElementVisible(findTestObject("Object Repository/KSD/Page_Find a KOHLER Store  Studio KOHLER/Page_Find a KOHLER Store  Studio KOHLER/h1_All Stores")): Object 'Object Repository/KSD/Page_Find a KOHLER Store  Studio KOHLER/Page_Find a KOHLER Store  Studio KOHLER/h1_All Stores' is visible

2023-08-28 23:37:44 - [MESSAGE][PASSED] - Object 'Object Repository/KSD/Page_Find a KOHLER Store  Studio KOHLER/Page_Find a KOHLER Store  Studio KOHLER/h1_All Stores' is visible

2023-08-28 23:37:44 - [TEST_STEP][PASSED] - verifyElementVisible(findTestObject("Object Repository/KSD/Page_Find a KOHLER Store  Studio KOHLER/Page_Find a KOHLER Store  Studio KOHLER/span_CANADA")): Object 'Object Repository/KSD/Page_Find a KOHLER Store  Studio KOHLER/Page_Find a KOHLER Store  Studio KOHLER/span_CANADA' is visible

2023-08-28 23:37:44 - [MESSAGE][PASSED] - Object 'Object Repository/KSD/Page_Find a KOHLER Store  Studio KOHLER/Page_Find a KOHLER Store  Studio KOHLER/span_CANADA' is visible

2023-08-28 23:37:44 - [TEST_STEP][PASSED] - takeScreenshotAsCheckpoint("Find a Store Canada Location"): Taking screenshot successfully

2023-08-28 23:37:45 - [MESSAGE][INFO] - 0 hidden object(s)

2023-08-28 23:37:46 - [MESSAGE][PASSED] - Taking screenshot successfully
[[ATTACHMENT|keyes/keyes-Find a Store Canada Location.png]]

2023-08-28 23:37:46 - [TEST_STEP][PASSED] - closeBrowser(): Browser is closed

2023-08-28 23:37:47 - [MESSAGE][PASSED] - Browser is closed]]></system-out>
         <system-err><![CDATA[]]></system-err>
      </testcase>
      <testcase name="Test Cases/KDS_TC/TC_20_Find_Store_PANAMA_Location" time="18.267" classname="Test Cases/KDS_TC/TC_20_Find_Store_PANAMA_Location" status="PASSED">
         <system-out><![CDATA[2023-08-28 23:37:47 - [TEST_CASE][PASSED] - Test Cases/KDS_TC/TC_20_Find_Store_PANAMA_Location: Test Cases/KDS_TC/TC_20_Find_Store_PANAMA_Location

2023-08-28 23:37:47 - [TEST_STEP][PASSED] - openBrowser(""): Browser is opened with url: ''

2023-08-28 23:37:47 - [MESSAGE][INFO] - Starting 'Firefox' driver

2023-08-28 23:37:47 - [MESSAGE][INFO] - Action delay is set to 0 milliseconds

2023-08-28 23:37:49 - [MESSAGE][PASSED] - Browser is opened with url: ''

2023-08-28 23:37:49 - [TEST_STEP][PASSED] - navigateToUrl("https://www.studiokohler.com/en-us/faqs"): Navigate to 'https://www.studiokohler.com/en-us/faqs' successfully

2023-08-28 23:37:55 - [MESSAGE][PASSED] - Navigate to 'https://www.studiokohler.com/en-us/faqs' successfully

2023-08-28 23:37:55 - [TEST_STEP][PASSED] - maximizeWindow(): Current window maximized

2023-08-28 23:37:56 - [MESSAGE][PASSED] - Current window maximized

2023-08-28 23:37:56 - [TEST_STEP][PASSED] - click(findTestObject("Object Repository/KSD/Page_Product FAQs/button_Accept All Cookies")): Object: 'Object Repository/KSD/Page_Product FAQs/button_Accept All Cookies' is clicked on

2023-08-28 23:37:57 - [MESSAGE][PASSED] - Object: 'Object Repository/KSD/Page_Product FAQs/button_Accept All Cookies' is clicked on

2023-08-28 23:37:57 - [TEST_STEP][PASSED] - click(findTestObject("Object Repository/KSD/Page_Product FAQs/i_OK_fal fa-map-marker-alt")): Object: 'Object Repository/KSD/Page_Product FAQs/i_OK_fal fa-map-marker-alt' is clicked on

2023-08-28 23:38:02 - [MESSAGE][PASSED] - Object: 'Object Repository/KSD/Page_Product FAQs/i_OK_fal fa-map-marker-alt' is clicked on

2023-08-28 23:38:02 - [TEST_STEP][PASSED] - click(findTestObject("Object Repository/KSD/Page_Find a KOHLER Store  Studio KOHLER/a_PANAMA")): Object: 'Object Repository/KSD/Page_Find a KOHLER Store  Studio KOHLER/a_PANAMA' is clicked on

2023-08-28 23:38:03 - [MESSAGE][PASSED] - Object: 'Object Repository/KSD/Page_Find a KOHLER Store  Studio KOHLER/a_PANAMA' is clicked on

2023-08-28 23:38:03 - [TEST_STEP][PASSED] - verifyElementVisible(findTestObject("Object Repository/KSD/Page_Find a KOHLER Store  Studio KOHLER/span_PANAMA")): Object 'Object Repository/KSD/Page_Find a KOHLER Store  Studio KOHLER/span_PANAMA' is visible

2023-08-28 23:38:04 - [MESSAGE][PASSED] - Object 'Object Repository/KSD/Page_Find a KOHLER Store  Studio KOHLER/span_PANAMA' is visible

2023-08-28 23:38:04 - [TEST_STEP][PASSED] - takeScreenshotAsCheckpoint("Find a store Panama Location"): Taking screenshot successfully

2023-08-28 23:38:05 - [MESSAGE][INFO] - 0 hidden object(s)

2023-08-28 23:38:05 - [MESSAGE][PASSED] - Taking screenshot successfully
[[ATTACHMENT|keyes/keyes-Find a store Panama Location.png]]]]></system-out>
         <system-err><![CDATA[]]></system-err>
      </testcase>
      <system-out><![CDATA[2023-08-28 23:37:22 - [TEST_SUITE][PASSED] - test Suite 2: Test Cases/KDS_TC/TC_20_Find_Store_PANAMA_Location]]></system-out>
      <system-err><![CDATA[]]></system-err>
   </testsuite>
   <testsuite name="Test Suite1" tests="2" failures="0" errors="0" time="41.47" skipped="0" timestamp="2023-08-28 23:37:27" hostname="bhushan - 192.168.1.13" id="Test Suites/Test Suite1">
      <properties>
         <property name="deviceName" value=""/>
         <property name="devicePlatform" value=""/>
         <property name="logFolder" value="/Users/bhushan/git/katalon/Reports/20230828_233710/Test Suite1/20230828_233713"/>
         <property name="logFiles" value="/Users/bhushan/git/katalon/Reports/20230828_233710/Test Suite1/20230828_233713/execution0.log"/>
         <property name="attachments" value="keyes/keyes-Search Result.png"/>
         <property name="hostName" value="bhushan - 192.168.1.13"/>
         <property name="os" value="Mac OS X 64bit"/>
         <property name="katalonVersion" value="8.4.1.208"/>
         <property name="browser" value="Firefox 109.0"/>
         <property name="hostAddress" value="192.168.1.13"/>
         <property name="sessionId" value="1a96eeea-2436-4edb-af03-fc6fbbbcf703"/>
         <property name="seleniumVersion" value="3.141.59"/>
         <property name="proxyInformation" value="ProxyInformation { proxyOption=NO_PROXY, proxyServerType=HTTP, username=, password=********, proxyServerAddress=, proxyServerPort=0, executionList=&quot;&quot;, isApplyToDesiredCapabilities=true }"/>
         <property name="platform" value="Mac OS X"/>
      </properties>
      <testcase name="Test Cases/KDS_TC/TC_04_Check_Search_Result_page" time="23.683" classname="Test Cases/KDS_TC/TC_04_Check_Search_Result_page" status="PASSED">
         <system-out><![CDATA[2023-08-28 23:37:28 - [TEST_CASE][PASSED] - Test Cases/KDS_TC/TC_04_Check_Search_Result_page: Test Cases/KDS_TC/TC_04_Check_Search_Result_page

2023-08-28 23:37:28 - [TEST_STEP][PASSED] - callTestCase(findTestCase("KDS/TC_03_Search_Functionality"), [:], STOP_ON_FAILURE): Call Test Case 'Test Cases/KDS/TC_03_Search_Functionality' successfully

2023-08-28 23:37:28 - [TEST_CASE][PASSED] - Test Cases/KDS/TC_03_Search_Functionality: Test Cases/KDS/TC_03_Search_Functionality

2023-08-28 23:37:28 - [TEST_STEP][PASSED] - openBrowser(""): Browser is opened with url: ''

2023-08-28 23:37:29 - [MESSAGE][INFO] - Starting 'Firefox' driver

2023-08-28 23:37:29 - [MESSAGE][INFO] - Action delay is set to 0 milliseconds

2023-08-28 23:37:32 - [MESSAGE][PASSED] - Browser is opened with url: ''

2023-08-28 23:37:32 - [TEST_STEP][PASSED] - navigateToUrl("https://www.studiokohler.com/en-us/faqs"): Navigate to 'https://www.studiokohler.com/en-us/faqs' successfully

2023-08-28 23:37:38 - [MESSAGE][PASSED] - Navigate to 'https://www.studiokohler.com/en-us/faqs' successfully

2023-08-28 23:37:38 - [TEST_STEP][PASSED] - maximizeWindow(): Current window maximized

2023-08-28 23:37:39 - [MESSAGE][PASSED] - Current window maximized

2023-08-28 23:37:39 - [TEST_STEP][PASSED] - click(findTestObject("Object Repository/KSD/Page_Product FAQs/i_Project Folder_fal fa-search")): Object: 'Object Repository/KSD/Page_Product FAQs/i_Project Folder_fal fa-search' is clicked on

2023-08-28 23:37:41 - [MESSAGE][PASSED] - Object: 'Object Repository/KSD/Page_Product FAQs/i_Project Folder_fal fa-search' is clicked on

2023-08-28 23:37:41 - [TEST_STEP][PASSED] - setText(findTestObject("Object Repository/KSD/Page_Product FAQs/input_Project Folder_search"), "toi"): Text 'toi' is set on object 'Object Repository/KSD/Page_Product FAQs/input_Project Folder_search'

2023-08-28 23:37:41 - [MESSAGE][PASSED] - Text 'toi' is set on object 'Object Repository/KSD/Page_Product FAQs/input_Project Folder_search'

2023-08-28 23:37:41 - [TEST_STEP][PASSED] - click(findTestObject("Object Repository/KSD/Page_Product FAQs/a_Toilets")): Object: 'Object Repository/KSD/Page_Product FAQs/a_Toilets' is clicked on

2023-08-28 23:37:46 - [MESSAGE][PASSED] - Object: 'Object Repository/KSD/Page_Product FAQs/a_Toilets' is clicked on

2023-08-28 23:37:46 - [TEST_STEP][PASSED] - click(findTestObject("Object Repository/KSD/Page_Search Results/span_Search Results for Toilets")): Object: 'Object Repository/KSD/Page_Search Results/span_Search Results for Toilets' is clicked on

2023-08-28 23:37:48 - [MESSAGE][PASSED] - Object: 'Object Repository/KSD/Page_Search Results/span_Search Results for Toilets' is clicked on

2023-08-28 23:37:48 - [TEST_STEP][PASSED] - verifyElementVisible(findTestObject("Object Repository/KSD/Page_Search Results/span_Search Results for Toilets")): Object 'Object Repository/KSD/Page_Search Results/span_Search Results for Toilets' is visible

2023-08-28 23:37:48 - [MESSAGE][PASSED] - Object 'Object Repository/KSD/Page_Search Results/span_Search Results for Toilets' is visible

2023-08-28 23:37:48 - [MESSAGE][PASSED] - Call Test Case 'Test Cases/KDS/TC_03_Search_Functionality' successfully

2023-08-28 23:37:48 - [TEST_STEP][PASSED] - verifyElementVisible(findTestObject("Object Repository/KSD/Page_Search Results/span_Search Results for Toilets")): Object 'Object Repository/KSD/Page_Search Results/span_Search Results for Toilets' is visible

2023-08-28 23:37:48 - [MESSAGE][PASSED] - Object 'Object Repository/KSD/Page_Search Results/span_Search Results for Toilets' is visible

2023-08-28 23:37:48 - [TEST_STEP][PASSED] - verifyElementVisible(findTestObject("Object Repository/KSD/Page_Search Results/span_Products")): Object 'Object Repository/KSD/Page_Search Results/span_Products' is visible

2023-08-28 23:37:49 - [MESSAGE][PASSED] - Object 'Object Repository/KSD/Page_Search Results/span_Products' is visible

2023-08-28 23:37:49 - [TEST_STEP][PASSED] - verifyElementVisible(findTestObject("Object Repository/KSD/Page_Search Results/span_Technical Specifications")): Object 'Object Repository/KSD/Page_Search Results/span_Technical Specifications' is visible

2023-08-28 23:37:49 - [MESSAGE][PASSED] - Object 'Object Repository/KSD/Page_Search Results/span_Technical Specifications' is visible

2023-08-28 23:37:49 - [TEST_STEP][PASSED] - verifyElementVisible(findTestObject("Object Repository/KSD/Page_Search Results/span_Articles")): Object 'Object Repository/KSD/Page_Search Results/span_Articles' is visible

2023-08-28 23:37:49 - [MESSAGE][PASSED] - Object 'Object Repository/KSD/Page_Search Results/span_Articles' is visible

2023-08-28 23:37:49 - [TEST_STEP][PASSED] - verifyElementVisible(findTestObject("Object Repository/KSD/Page_Search Results/div_Choose Category")): Object 'Object Repository/KSD/Page_Search Results/div_Choose Category' is visible

2023-08-28 23:37:50 - [MESSAGE][PASSED] - Object 'Object Repository/KSD/Page_Search Results/div_Choose Category' is visible

2023-08-28 23:37:50 - [TEST_STEP][PASSED] - verifyElementVisible(findTestObject("Object Repository/KSD/Page_Search Results/a_All Categories (129)")): Object 'Object Repository/KSD/Page_Search Results/a_All Categories (129)' is visible

2023-08-28 23:37:50 - [MESSAGE][PASSED] - Object 'Object Repository/KSD/Page_Search Results/a_All Categories (129)' is visible

2023-08-28 23:37:50 - [TEST_STEP][PASSED] - verifyElementVisible(findTestObject("Object Repository/KSD/Page_Search Results/a_Relevancy")): Object 'Object Repository/KSD/Page_Search Results/a_Relevancy' is visible

2023-08-28 23:37:50 - [MESSAGE][PASSED] - Object 'Object Repository/KSD/Page_Search Results/a_Relevancy' is visible

2023-08-28 23:37:50 - [TEST_STEP][PASSED] - takeScreenshotAsCheckpoint("Search Result"): Taking screenshot successfully

2023-08-28 23:37:51 - [MESSAGE][INFO] - 0 hidden object(s)

2023-08-28 23:37:51 - [MESSAGE][PASSED] - Taking screenshot successfully
[[ATTACHMENT|keyes/keyes-Search Result.png]]]]></system-out>
         <system-err><![CDATA[]]></system-err>
      </testcase>
      <testcase name="Test Cases/KDS_TC/TC_21_Find_Store_TAIWAN_Location" time="17.142" classname="Test Cases/KDS_TC/TC_21_Find_Store_TAIWAN_Location" status="PASSED">
         <system-out><![CDATA[2023-08-28 23:37:51 - [TEST_CASE][PASSED] - Test Cases/KDS_TC/TC_21_Find_Store_TAIWAN_Location: Test Cases/KDS_TC/TC_21_Find_Store_TAIWAN_Location

2023-08-28 23:37:52 - [TEST_STEP][PASSED] - openBrowser(""): Browser is opened with url: ''

2023-08-28 23:37:52 - [MESSAGE][WARNING] - A browser is already opened. Closing browser and opening a new one

2023-08-28 23:37:52 - [MESSAGE][INFO] - Starting 'Firefox' driver

2023-08-28 23:37:52 - [MESSAGE][INFO] - Action delay is set to 0 milliseconds

2023-08-28 23:37:54 - [MESSAGE][PASSED] - Browser is opened with url: ''

2023-08-28 23:37:54 - [TEST_STEP][PASSED] - navigateToUrl("https://www.studiokohler.com/en-us/faqs"): Navigate to 'https://www.studiokohler.com/en-us/faqs' successfully

2023-08-28 23:38:00 - [MESSAGE][PASSED] - Navigate to 'https://www.studiokohler.com/en-us/faqs' successfully

2023-08-28 23:38:00 - [TEST_STEP][PASSED] - maximizeWindow(): Current window maximized

2023-08-28 23:38:01 - [MESSAGE][PASSED] - Current window maximized

2023-08-28 23:38:01 - [TEST_STEP][PASSED] - click(findTestObject("Object Repository/KSD/Page_Product FAQs/button_Accept All Cookies")): Object: 'Object Repository/KSD/Page_Product FAQs/button_Accept All Cookies' is clicked on

2023-08-28 23:38:02 - [MESSAGE][PASSED] - Object: 'Object Repository/KSD/Page_Product FAQs/button_Accept All Cookies' is clicked on

2023-08-28 23:38:02 - [TEST_STEP][PASSED] - click(findTestObject("Object Repository/KSD/Page_Product FAQs/i_OK_fal fa-map-marker-alt")): Object: 'Object Repository/KSD/Page_Product FAQs/i_OK_fal fa-map-marker-alt' is clicked on

2023-08-28 23:38:06 - [MESSAGE][PASSED] - Object: 'Object Repository/KSD/Page_Product FAQs/i_OK_fal fa-map-marker-alt' is clicked on

2023-08-28 23:38:06 - [TEST_STEP][PASSED] - click(findTestObject("Object Repository/KSD/Page_Find a KOHLER Store  Studio KOHLER/a_TAIWAN")): Object: 'Object Repository/KSD/Page_Find a KOHLER Store  Studio KOHLER/a_TAIWAN' is clicked on

2023-08-28 23:38:08 - [MESSAGE][PASSED] - Object: 'Object Repository/KSD/Page_Find a KOHLER Store  Studio KOHLER/a_TAIWAN' is clicked on

2023-08-28 23:38:08 - [TEST_STEP][PASSED] - verifyElementVisible(findTestObject("Object Repository/KSD/Page_Find a KOHLER Store  Studio KOHLER/span_TAIWAN")): Object 'Object Repository/KSD/Page_Find a KOHLER Store  Studio KOHLER/span_TAIWAN' is visible

2023-08-28 23:38:09 - [MESSAGE][PASSED] - Object 'Object Repository/KSD/Page_Find a KOHLER Store  Studio KOHLER/span_TAIWAN' is visible]]></system-out>
         <system-err><![CDATA[]]></system-err>
      </testcase>
      <system-out><![CDATA[2023-08-28 23:37:27 - [TEST_SUITE][PASSED] - Test Suite1: Test Cases/KDS_TC/TC_21_Find_Store_TAIWAN_Location]]></system-out>
      <system-err><![CDATA[]]></system-err>
   </testsuite>
</testsuites>
