<?xml version="1.0" encoding="UTF-8"?>
<testsuites name="test Suite 2" time="42.998" tests="2" failures="0" errors="0">
   <testsuite name="test Suite 2" tests="2" failures="0" errors="0" time="42.998" skipped="0" timestamp="2023-08-28 23:37:22" hostname="bhushan - 192.168.1.13" id="Test Suites/test Suite 2">
      <properties>
         <property name="deviceName" value=""/>
         <property name="devicePlatform" value=""/>
         <property name="logFolder" value="/Users/bhushan/git/katalon/Reports/20230828_233710/test Suite 2/20230828_233711"/>
         <property name="logFiles" value="/Users/bhushan/git/katalon/Reports/20230828_233710/test Suite 2/20230828_233711/execution0.log"/>
         <property name="attachments" value="keyes/keyes-Find a Store Canada Location.png, keyes/keyes-Find a store Panama Location.png"/>
         <property name="hostName" value="bhushan - 192.168.1.13"/>
         <property name="os" value="Mac OS X 64bit"/>
         <property name="katalonVersion" value="8.4.1.208"/>
         <property name="browser" value="Firefox 109.0"/>
         <property name="hostAddress" value="192.168.1.13"/>
         <property name="sessionId" value="f7a23270-2999-460a-bd94-2b025b459df5"/>
         <property name="seleniumVersion" value="3.141.59"/>
         <property name="proxyInformation" value="ProxyInformation { proxyOption=NO_PROXY, proxyServerType=HTTP, username=, password=********, proxyServerAddress=, proxyServerPort=0, executionList=&quot;&quot;, isApplyToDesiredCapabilities=true }"/>
         <property name="platform" value="Mac OS X"/>
      </properties>
      <testcase name="Test Cases/KDS_TC/TC_16_Find_Store_CANADA_Location" time="24.296" classname="Test Cases/KDS_TC/TC_16_Find_Store_CANADA_Location" status="PASSED">
         <system-out><![CDATA[2023-08-28 23:37:22 - [TEST_CASE][PASSED] - Test Cases/KDS_TC/TC_16_Find_Store_CANADA_Location: Test Cases/KDS_TC/TC_16_Find_Store_CANADA_Location

2023-08-28 23:37:23 - [TEST_STEP][PASSED] - openBrowser(""): Browser is opened with url: ''

2023-08-28 23:37:23 - [MESSAGE][INFO] - Starting 'Firefox' driver

2023-08-28 23:37:23 - [MESSAGE][INFO] - Action delay is set to 0 milliseconds

2023-08-28 23:37:27 - [MESSAGE][PASSED] - Browser is opened with url: ''

2023-08-28 23:37:27 - [TEST_STEP][PASSED] - navigateToUrl("https://www.studiokohler.com/en-us/faqs"): Navigate to 'https://www.studiokohler.com/en-us/faqs' successfully

2023-08-28 23:37:34 - [MESSAGE][PASSED] - Navigate to 'https://www.studiokohler.com/en-us/faqs' successfully

2023-08-28 23:37:34 - [TEST_STEP][PASSED] - maximizeWindow(): Current window maximized

2023-08-28 23:37:34 - [MESSAGE][PASSED] - Current window maximized

2023-08-28 23:37:34 - [TEST_STEP][PASSED] - click(findTestObject("Object Repository/KSD/Page_Find a KOHLER Store  Studio KOHLER/Page_Product FAQs/button_Accept All Cookies")): Object: 'Object Repository/KSD/Page_Find a KOHLER Store  Studio KOHLER/Page_Product FAQs/button_Accept All Cookies' is clicked on

2023-08-28 23:37:36 - [MESSAGE][PASSED] - Object: 'Object Repository/KSD/Page_Find a KOHLER Store  Studio KOHLER/Page_Product FAQs/button_Accept All Cookies' is clicked on

2023-08-28 23:37:36 - [TEST_STEP][PASSED] - click(findTestObject("Object Repository/KSD/Page_Find a KOHLER Store  Studio KOHLER/Page_Product FAQs/i_OK_fal fa-map-marker-alt")): Object: 'Object Repository/KSD/Page_Find a KOHLER Store  Studio KOHLER/Page_Product FAQs/i_OK_fal fa-map-marker-alt' is clicked on

2023-08-28 23:37:41 - [MESSAGE][PASSED] - Object: 'Object Repository/KSD/Page_Find a KOHLER Store  Studio KOHLER/Page_Product FAQs/i_OK_fal fa-map-marker-alt' is clicked on

2023-08-28 23:37:41 - [TEST_STEP][PASSED] - verifyElementVisible(findTestObject("Object Repository/KSD/Page_Find a KOHLER Store  Studio KOHLER/Page_Find a KOHLER Store  Studio KOHLER/h2_Select Store Location")): Object 'Object Repository/KSD/Page_Find a KOHLER Store  Studio KOHLER/Page_Find a KOHLER Store  Studio KOHLER/h2_Select Store Location' is visible

2023-08-28 23:37:42 - [MESSAGE][PASSED] - Object 'Object Repository/KSD/Page_Find a KOHLER Store  Studio KOHLER/Page_Find a KOHLER Store  Studio KOHLER/h2_Select Store Location' is visible

2023-08-28 23:37:42 - [TEST_STEP][PASSED] - click(findTestObject("Object Repository/KSD/Page_Find a KOHLER Store  Studio KOHLER/Page_Find a KOHLER Store  Studio KOHLER/a_CANADA")): Object: 'Object Repository/KSD/Page_Find a KOHLER Store  Studio KOHLER/Page_Find a KOHLER Store  Studio KOHLER/a_CANADA' is clicked on

2023-08-28 23:37:43 - [MESSAGE][PASSED] - Object: 'Object Repository/KSD/Page_Find a KOHLER Store  Studio KOHLER/Page_Find a KOHLER Store  Studio KOHLER/a_CANADA' is clicked on

2023-08-28 23:37:43 - [TEST_STEP][PASSED] - verifyElementVisible(findTestObject("Object Repository/KSD/Page_Find a KOHLER Store  Studio KOHLER/Page_Find a KOHLER Store  Studio KOHLER/h1_All Stores")): Object 'Object Repository/KSD/Page_Find a KOHLER Store  Studio KOHLER/Page_Find a KOHLER Store  Studio KOHLER/h1_All Stores' is visible

2023-08-28 23:37:44 - [MESSAGE][PASSED] - Object 'Object Repository/KSD/Page_Find a KOHLER Store  Studio KOHLER/Page_Find a KOHLER Store  Studio KOHLER/h1_All Stores' is visible

2023-08-28 23:37:44 - [TEST_STEP][PASSED] - verifyElementVisible(findTestObject("Object Repository/KSD/Page_Find a KOHLER Store  Studio KOHLER/Page_Find a KOHLER Store  Studio KOHLER/span_CANADA")): Object 'Object Repository/KSD/Page_Find a KOHLER Store  Studio KOHLER/Page_Find a KOHLER Store  Studio KOHLER/span_CANADA' is visible

2023-08-28 23:37:44 - [MESSAGE][PASSED] - Object 'Object Repository/KSD/Page_Find a KOHLER Store  Studio KOHLER/Page_Find a KOHLER Store  Studio KOHLER/span_CANADA' is visible

2023-08-28 23:37:44 - [TEST_STEP][PASSED] - takeScreenshotAsCheckpoint("Find a Store Canada Location"): Taking screenshot successfully

2023-08-28 23:37:45 - [MESSAGE][INFO] - 0 hidden object(s)

2023-08-28 23:37:46 - [MESSAGE][PASSED] - Taking screenshot successfully
[[ATTACHMENT|keyes/keyes-Find a Store Canada Location.png]]

2023-08-28 23:37:46 - [TEST_STEP][PASSED] - closeBrowser(): Browser is closed

2023-08-28 23:37:47 - [MESSAGE][PASSED] - Browser is closed]]></system-out>
         <system-err><![CDATA[]]></system-err>
      </testcase>
      <testcase name="Test Cases/KDS_TC/TC_20_Find_Store_PANAMA_Location" time="18.267" classname="Test Cases/KDS_TC/TC_20_Find_Store_PANAMA_Location" status="PASSED">
         <system-out><![CDATA[2023-08-28 23:37:47 - [TEST_CASE][PASSED] - Test Cases/KDS_TC/TC_20_Find_Store_PANAMA_Location: Test Cases/KDS_TC/TC_20_Find_Store_PANAMA_Location

2023-08-28 23:37:47 - [TEST_STEP][PASSED] - openBrowser(""): Browser is opened with url: ''

2023-08-28 23:37:47 - [MESSAGE][INFO] - Starting 'Firefox' driver

2023-08-28 23:37:47 - [MESSAGE][INFO] - Action delay is set to 0 milliseconds

2023-08-28 23:37:49 - [MESSAGE][PASSED] - Browser is opened with url: ''

2023-08-28 23:37:49 - [TEST_STEP][PASSED] - navigateToUrl("https://www.studiokohler.com/en-us/faqs"): Navigate to 'https://www.studiokohler.com/en-us/faqs' successfully

2023-08-28 23:37:55 - [MESSAGE][PASSED] - Navigate to 'https://www.studiokohler.com/en-us/faqs' successfully

2023-08-28 23:37:55 - [TEST_STEP][PASSED] - maximizeWindow(): Current window maximized

2023-08-28 23:37:56 - [MESSAGE][PASSED] - Current window maximized

2023-08-28 23:37:56 - [TEST_STEP][PASSED] - click(findTestObject("Object Repository/KSD/Page_Product FAQs/button_Accept All Cookies")): Object: 'Object Repository/KSD/Page_Product FAQs/button_Accept All Cookies' is clicked on

2023-08-28 23:37:57 - [MESSAGE][PASSED] - Object: 'Object Repository/KSD/Page_Product FAQs/button_Accept All Cookies' is clicked on

2023-08-28 23:37:57 - [TEST_STEP][PASSED] - click(findTestObject("Object Repository/KSD/Page_Product FAQs/i_OK_fal fa-map-marker-alt")): Object: 'Object Repository/KSD/Page_Product FAQs/i_OK_fal fa-map-marker-alt' is clicked on

2023-08-28 23:38:02 - [MESSAGE][PASSED] - Object: 'Object Repository/KSD/Page_Product FAQs/i_OK_fal fa-map-marker-alt' is clicked on

2023-08-28 23:38:02 - [TEST_STEP][PASSED] - click(findTestObject("Object Repository/KSD/Page_Find a KOHLER Store  Studio KOHLER/a_PANAMA")): Object: 'Object Repository/KSD/Page_Find a KOHLER Store  Studio KOHLER/a_PANAMA' is clicked on

2023-08-28 23:38:03 - [MESSAGE][PASSED] - Object: 'Object Repository/KSD/Page_Find a KOHLER Store  Studio KOHLER/a_PANAMA' is clicked on

2023-08-28 23:38:03 - [TEST_STEP][PASSED] - verifyElementVisible(findTestObject("Object Repository/KSD/Page_Find a KOHLER Store  Studio KOHLER/span_PANAMA")): Object 'Object Repository/KSD/Page_Find a KOHLER Store  Studio KOHLER/span_PANAMA' is visible

2023-08-28 23:38:04 - [MESSAGE][PASSED] - Object 'Object Repository/KSD/Page_Find a KOHLER Store  Studio KOHLER/span_PANAMA' is visible

2023-08-28 23:38:04 - [TEST_STEP][PASSED] - takeScreenshotAsCheckpoint("Find a store Panama Location"): Taking screenshot successfully

2023-08-28 23:38:05 - [MESSAGE][INFO] - 0 hidden object(s)

2023-08-28 23:38:05 - [MESSAGE][PASSED] - Taking screenshot successfully
[[ATTACHMENT|keyes/keyes-Find a store Panama Location.png]]]]></system-out>
         <system-err><![CDATA[]]></system-err>
      </testcase>
      <system-out><![CDATA[2023-08-28 23:37:22 - [TEST_SUITE][PASSED] - test Suite 2: Test Cases/KDS_TC/TC_20_Find_Store_PANAMA_Location]]></system-out>
      <system-err><![CDATA[]]></system-err>
   </testsuite>
</testsuites>
